2025-03-28 15:17:10,065 [INFO] Activator:176 - 


2025-03-28 15:17:10,065 [INFO] Activator:177 - !SESSION log4j initialized
2025-03-28 15:17:22,080 [INFO] LogOutputStream:77 - [STDOUT_REDIRECT] 
2025-03-28 15:17:28,011 [INFO] ApplicationProperties:184 - Using Application install path: C:\ST\STM32CubeIDE_1.17.0\STM32CubeIDE\plugins\com.st.stm32cube.common.mx_6.13.0.202411220809
2025-03-28 15:17:28,040 [INFO] DbMcusXml:78 - Set database path to: C:\ST\STM32CubeIDE_1.17.0\STM32CubeIDE\plugins\com.st.stm32cube.common.mx_6.13.0.202411220809\\db\/mcu/
2025-03-28 15:17:28,040 [INFO] ApiDb:274 - Set plugin database path to: C:\ST\STM32CubeIDE_1.17.0\STM32CubeIDE\plugins\com.st.stm32cube.common.mx_6.13.0.202411220809\\db\/plugins/boardmanager/
2025-03-28 15:17:28,041 [WARN] ApiDb:259 - Overriding images path with different value:  => C:\ST\STM32CubeIDE_1.17.0\STM32CubeIDE\plugins\com.st.stm32cube.common.mx_6.13.0.202411220809\\db\/plugins/mcufinder/images/
2025-03-28 15:17:28,055 [INFO] ApiDb:250 - Set database path to: C:\Users\victo\.stmcufinder\plugins\mcufinder//mcu/
2025-03-28 15:17:28,057 [INFO] DbMcusAds:125 - Set database path to: C:\Users\victo\.stmcufinder\plugins\mcufinder//mcu/
2025-03-28 15:17:28,061 [INFO] CrossReferenceDbSqlite:203 - Set database path to: C:\Users\victo\.stmcufinder\plugins\mcufinder//mcu/cs/
2025-03-28 15:17:28,282 [INFO] RulesReader:64 - Compatibility file has been processed (297 Rules)
2025-03-28 15:17:28,439 [INFO] DbMcusXml:78 - Set database path to: C:\ST\STM32CubeIDE_1.17.0\STM32CubeIDE\plugins\com.st.stm32cube.common.mx_6.13.0.202411220809\\db\/mcu/
2025-03-28 15:17:28,439 [INFO] ApiDb:274 - Set plugin database path to: C:\ST\STM32CubeIDE_1.17.0\STM32CubeIDE\plugins\com.st.stm32cube.common.mx_6.13.0.202411220809\\db\/plugins/boardmanager/
2025-03-28 15:17:28,440 [INFO] ApiDb:261 - Set plugin images path to: C:\ST\STM32CubeIDE_1.17.0\STM32CubeIDE\plugins\com.st.stm32cube.common.mx_6.13.0.202411220809\\db\/plugins/mcufinder/images/
2025-03-28 15:17:28,440 [WARN] DbFile:41 - Overriding database path with different value: C:\Users\victo\.stmcufinder\plugins\mcufinder/ => C:\Users\victo\.stmcufinder\plugins\mcufinder
2025-03-28 15:17:28,440 [INFO] ApiDb:250 - Set database path to: C:\Users\victo\.stmcufinder\plugins\mcufinder//mcu/
2025-03-28 15:17:28,441 [WARN] DbFile:41 - Overriding database path with different value: C:\Users\victo\.stmcufinder\plugins\mcufinder/ => C:\Users\victo\.stmcufinder\plugins\mcufinder
2025-03-28 15:17:28,441 [INFO] DbMcusAds:125 - Set database path to: C:\Users\victo\.stmcufinder\plugins\mcufinder//mcu/
2025-03-28 15:17:28,441 [WARN] DbFile:41 - Overriding database path with different value: C:\Users\victo\.stmcufinder\plugins\mcufinder/ => C:\Users\victo\.stmcufinder\plugins\mcufinder
2025-03-28 15:17:28,441 [WARN] DbFile:41 - Overriding database path with different value: C:\Users\victo\.stmcufinder\plugins\mcufinder/ => C:\Users\victo\.stmcufinder\plugins\mcufinder
2025-03-28 15:17:28,441 [INFO] CrossReferenceDbSqlite:203 - Set database path to: C:\Users\victo\.stmcufinder\plugins\mcufinder//mcu/cs/
2025-03-28 15:17:28,609 [INFO] MainPanel:272 - HeapMemory: 268435456
2025-03-28 15:17:28,795 [INFO] DbMcusXml:78 - Set database path to: C:\ST\STM32CubeIDE_1.17.0\STM32CubeIDE\plugins\com.st.stm32cube.common.mx_6.13.0.202411220809\\db\/mcu/
2025-03-28 15:17:28,796 [INFO] ApiDb:274 - Set plugin database path to: C:\ST\STM32CubeIDE_1.17.0\STM32CubeIDE\plugins\com.st.stm32cube.common.mx_6.13.0.202411220809\\db\/plugins/boardmanager/
2025-03-28 15:17:28,796 [INFO] ApiDb:261 - Set plugin images path to: C:\ST\STM32CubeIDE_1.17.0\STM32CubeIDE\plugins\com.st.stm32cube.common.mx_6.13.0.202411220809\\db\/plugins/mcufinder/images/
2025-03-28 15:17:28,797 [WARN] DbFile:41 - Overriding database path with different value: C:\Users\victo\.stmcufinder\plugins\mcufinder/ => C:\Users\victo\.stmcufinder\plugins\mcufinder
2025-03-28 15:17:28,798 [INFO] ApiDb:250 - Set database path to: C:\Users\victo\.stmcufinder\plugins\mcufinder//mcu/
2025-03-28 15:17:28,798 [WARN] DbFile:41 - Overriding database path with different value: C:\Users\victo\.stmcufinder\plugins\mcufinder/ => C:\Users\victo\.stmcufinder\plugins\mcufinder
2025-03-28 15:17:28,798 [INFO] DbMcusAds:125 - Set database path to: C:\Users\victo\.stmcufinder\plugins\mcufinder//mcu/
2025-03-28 15:17:28,798 [WARN] DbFile:41 - Overriding database path with different value: C:\Users\victo\.stmcufinder\plugins\mcufinder/ => C:\Users\victo\.stmcufinder\plugins\mcufinder
2025-03-28 15:17:28,799 [WARN] DbFile:41 - Overriding database path with different value: C:\Users\victo\.stmcufinder\plugins\mcufinder/ => C:\Users\victo\.stmcufinder\plugins\mcufinder
2025-03-28 15:17:28,799 [INFO] CrossReferenceDbSqlite:203 - Set database path to: C:\Users\victo\.stmcufinder\plugins\mcufinder//mcu/cs/
2025-03-28 15:17:28,831 [INFO] ApplicationProperties:184 - Using Application install path: C:\ST\STM32CubeIDE_1.17.0\STM32CubeIDE\plugins\com.st.stm32cube.common.mx_6.13.0.202411220809
2025-03-28 15:17:28,834 [INFO] PluginManage:196 - Search for loadable plugins [exclusion list=, ]
2025-03-28 15:17:28,837 [INFO] PluginManage:310 - Check plugin analytics
2025-03-28 15:17:29,230 [INFO] AnalyticsPlugin:253 - Accepted Software Licenses: 
2025-03-28 15:17:29,231 [INFO] AnalyticsPlugin:255 - Accepted CMSIS Pack Licenses: 
2025-03-28 15:17:29,232 [INFO] AnalyticsPlugin:257 - Accepted Firmware Licenses: FW.L4.1.18.0
2025-03-28 15:17:29,238 [INFO] PluginManage:359 - Loaded plugin analytics (category:tool,tabindex:-1)
2025-03-28 15:17:29,238 [INFO] PluginManage:310 - Check plugin cadmodel
2025-03-28 15:17:29,287 [INFO] CADModel:105 - Init CAD model plugin
2025-03-28 15:17:29,288 [INFO] PluginManage:359 - Loaded plugin cadmodel (category:power,tabindex:5)
2025-03-28 15:17:29,289 [INFO] PluginManage:310 - Check plugin clock
2025-03-28 15:17:29,342 [INFO] PluginManage:359 - Loaded plugin clock (category:base,tabindex:2)
2025-03-28 15:17:29,343 [INFO] PluginManage:310 - Check plugin ddr
2025-03-28 15:17:29,348 [INFO] PluginManage:359 - Loaded plugin ddr (category:tool,tabindex:6)
2025-03-28 15:17:29,348 [INFO] PluginManage:310 - Check plugin filemanager
2025-03-28 15:17:29,676 [INFO] PluginManage:359 - Loaded plugin filemanager (category:base,tabindex:10)
2025-03-28 15:17:29,677 [INFO] PluginManage:310 - Check plugin ipmanager
2025-03-28 15:17:29,693 [INFO] PluginManage:359 - Loaded plugin ipmanager (category:base,tabindex:5)
2025-03-28 15:17:29,694 [INFO] PluginManage:310 - Check plugin lpbam
2025-03-28 15:17:29,739 [INFO] PluginManage:359 - Loaded plugin lpbam (category:base,tabindex:0)
2025-03-28 15:17:29,739 [INFO] PluginManage:310 - Check plugin memorymap
2025-03-28 15:17:29,838 [INFO] PluginManage:359 - Loaded plugin memorymap (category:base,tabindex:4)
2025-03-28 15:17:29,838 [INFO] PluginManage:310 - Check plugin pinoutandconfiguration
2025-03-28 15:17:29,893 [INFO] PluginManage:359 - Loaded plugin pinoutandconfiguration (category:base,tabindex:1)
2025-03-28 15:17:29,893 [INFO] PluginManage:310 - Check plugin pinoutconfig
2025-03-28 15:17:30,089 [WARN] SupportedApi:132 - Cannot load RTOS API schema: s4s-elt-must-match.1: The content of 'definitions' must match (annotation?, (simpleType | complexType)?, (unique | key | keyref)*)). A problem was found starting at: attribute.
2025-03-28 15:17:30,336 [INFO] PluginManage:359 - Loaded plugin pinoutconfig (category:base,tabindex:0)
2025-03-28 15:17:30,336 [INFO] PluginManage:310 - Check plugin power
2025-03-28 15:17:30,384 [INFO] PluginManage:359 - Loaded plugin power (category:power,tabindex:4)
2025-03-28 15:17:30,384 [INFO] PluginManage:310 - Check plugin projectmanager
2025-03-28 15:17:30,422 [INFO] PluginManage:359 - Loaded plugin projectmanager (category:projectmanager,tabindex:4)
2025-03-28 15:17:30,422 [INFO] PluginManage:310 - Check plugin rif
2025-03-28 15:17:30,468 [INFO] PluginManage:359 - Loaded plugin rif (category:base,tabindex:3)
2025-03-28 15:17:30,469 [INFO] PluginManage:310 - Check plugin thirdparty
2025-03-28 15:17:31,206 [INFO] PluginManage:359 - Loaded plugin thirdparty (category:base,tabindex:-1)
2025-03-28 15:17:31,206 [INFO] PluginManage:310 - Check plugin tools
2025-03-28 15:17:31,222 [WARN] IntegrityCheckThread:84 - waiting for thirdparty lock release [integrity check]
2025-03-28 15:17:31,229 [INFO] IntegrityCheckThread:86 - entering critical section [integrity check]
2025-03-28 15:17:31,230 [INFO] ThirdPartyUpdaterWithRetryManager:70 - Updater plugin not ready yet. [1/15]
2025-03-28 15:17:31,314 [INFO] PluginManage:359 - Loaded plugin tools (category:base,tabindex:7)
2025-03-28 15:17:31,314 [INFO] PluginManage:310 - Check plugin tutovideos
2025-03-28 15:17:31,908 [INFO] PluginManage:359 - Loaded plugin tutovideos (category:base,tabindex:-1)
2025-03-28 15:17:31,909 [INFO] PluginManage:310 - Check plugin updater
2025-03-28 15:17:32,000 [INFO] PluginManage:359 - Loaded plugin updater (category:base,tabindex:12)
2025-03-28 15:17:32,001 [INFO] PluginManage:310 - Check plugin userauth
2025-03-28 15:17:32,010 [INFO] UserAuth:118 - Init User Auth plugin
2025-03-28 15:17:32,012 [INFO] PluginManage:359 - Loaded plugin userauth (category:base,tabindex:14)
2025-03-28 15:17:32,013 [INFO] PluginManage:283 - PluginManage : Loaded plugins [18]
2025-03-28 15:17:32,476 [INFO] PinOutPanel:1589 - setPackage(No Configuration,No Configuration)
2025-03-28 15:17:32,665 [INFO] CADModel:165 - CPN selected for project level
2025-03-28 15:17:32,666 [INFO] CADModel:114 - Register for checkConnection events
2025-03-28 15:17:32,718 [INFO] IPUIPlugin:80 - create IPUIPlugin
2025-03-28 15:17:32,719 [INFO] PluginManager:220 - loadIPPluginJar : add adc
2025-03-28 15:17:32,833 [INFO] IPUIPlugin:80 - create IPUIPlugin
2025-03-28 15:17:32,833 [INFO] PluginManager:220 - loadIPPluginJar : add aes
2025-03-28 15:17:32,971 [INFO] IPUIPlugin:80 - create IPUIPlugin
2025-03-28 15:17:32,972 [INFO] PluginManager:220 - loadIPPluginJar : add can
2025-03-28 15:17:33,045 [INFO] IPUIPlugin:80 - create IPUIPlugin
2025-03-28 15:17:33,045 [INFO] PluginManager:220 - loadIPPluginJar : add comp
2025-03-28 15:17:33,140 [INFO] IPUIPlugin:80 - create IPUIPlugin
2025-03-28 15:17:33,140 [INFO] PluginManager:220 - loadIPPluginJar : add cryp
2025-03-28 15:17:33,177 [INFO] IPUIPlugin:80 - create IPUIPlugin
2025-03-28 15:17:33,177 [INFO] PluginManager:220 - loadIPPluginJar : add ddr_ctrl_phy
2025-03-28 15:17:33,257 [INFO] IPUIPlugin:80 - create IPUIPlugin
2025-03-28 15:17:33,257 [INFO] PluginManager:220 - loadIPPluginJar : add dfsdm
2025-03-28 15:17:33,288 [INFO] IPUIPlugin:80 - create IPUIPlugin
2025-03-28 15:17:33,289 [INFO] PluginManager:220 - loadIPPluginJar : add dma
2025-03-28 15:17:33,403 [INFO] IPUIPlugin:80 - create IPUIPlugin
2025-03-28 15:17:33,404 [INFO] PluginManager:220 - loadIPPluginJar : add dma3
2025-03-28 15:17:33,532 [INFO] IPUIPlugin:80 - create IPUIPlugin
2025-03-28 15:17:33,532 [INFO] PluginManager:220 - loadIPPluginJar : add extmemmanager
2025-03-28 15:17:33,579 [INFO] IPUIPlugin:80 - create IPUIPlugin
2025-03-28 15:17:33,579 [INFO] PluginManager:220 - loadIPPluginJar : add fatfs
2025-03-28 15:17:33,700 [INFO] IPUIPlugin:80 - create IPUIPlugin
2025-03-28 15:17:33,700 [INFO] PluginManager:220 - loadIPPluginJar : add fmc
2025-03-28 15:17:33,743 [INFO] IPUIPlugin:80 - create IPUIPlugin
2025-03-28 15:17:33,744 [INFO] PluginManager:220 - loadIPPluginJar : add freertos
2025-03-28 15:17:33,821 [INFO] IPUIPlugin:80 - create IPUIPlugin
2025-03-28 15:17:33,821 [INFO] PluginManager:220 - loadIPPluginJar : add genericplugin
2025-03-28 15:17:34,150 [INFO] IPUIPlugin:80 - create IPUIPlugin
2025-03-28 15:17:34,150 [INFO] PluginManager:220 - loadIPPluginJar : add gfxmmu
2025-03-28 15:17:34,232 [INFO] ThirdPartyUpdaterWithRetryManager:70 - Updater plugin not ready yet. [2/15]
2025-03-28 15:17:34,488 [INFO] IPUIPlugin:80 - create IPUIPlugin
2025-03-28 15:17:34,489 [INFO] PluginManager:220 - loadIPPluginJar : add gic
2025-03-28 15:17:34,512 [INFO] IPUIPlugin:80 - create IPUIPlugin
2025-03-28 15:17:34,512 [INFO] PluginManager:220 - loadIPPluginJar : add gpio
2025-03-28 15:17:34,748 [INFO] IPUIPlugin:80 - create IPUIPlugin
2025-03-28 15:17:34,749 [INFO] PluginManager:220 - loadIPPluginJar : add gtzc
2025-03-28 15:17:34,847 [INFO] IPUIPlugin:80 - create IPUIPlugin
2025-03-28 15:17:34,847 [INFO] PluginManager:220 - loadIPPluginJar : add hash
2025-03-28 15:17:34,964 [INFO] IPUIPlugin:80 - create IPUIPlugin
2025-03-28 15:17:34,965 [INFO] PluginManager:220 - loadIPPluginJar : add i2c
2025-03-28 15:17:35,052 [INFO] IPUIPlugin:80 - create IPUIPlugin
2025-03-28 15:17:35,052 [INFO] PluginManager:220 - loadIPPluginJar : add i2s
2025-03-28 15:17:35,154 [INFO] IPUIPlugin:80 - create IPUIPlugin
2025-03-28 15:17:35,155 [INFO] PluginManager:220 - loadIPPluginJar : add i3c
2025-03-28 15:17:35,396 [INFO] IPUIPlugin:80 - create IPUIPlugin
2025-03-28 15:17:35,397 [INFO] PluginManager:220 - loadIPPluginJar : add ipddr
2025-03-28 15:17:35,672 [INFO] IPUIPlugin:80 - create IPUIPlugin
2025-03-28 15:17:35,673 [INFO] PluginManager:220 - loadIPPluginJar : add linkedlist
2025-03-28 15:17:35,775 [INFO] IPUIPlugin:80 - create IPUIPlugin
2025-03-28 15:17:35,775 [INFO] PluginManager:220 - loadIPPluginJar : add lorawan
2025-03-28 15:17:35,869 [INFO] IPUIPlugin:80 - create IPUIPlugin
2025-03-28 15:17:35,869 [INFO] PluginManager:220 - loadIPPluginJar : add ltdc
2025-03-28 15:17:35,898 [INFO] IPUIPlugin:80 - create IPUIPlugin
2025-03-28 15:17:35,898 [INFO] PluginManager:220 - loadIPPluginJar : add mdma
2025-03-28 15:17:35,922 [INFO] IPUIPlugin:80 - create IPUIPlugin
2025-03-28 15:17:35,923 [INFO] PluginManager:220 - loadIPPluginJar : add nvic
2025-03-28 15:17:36,034 [INFO] IPUIPlugin:80 - create IPUIPlugin
2025-03-28 15:17:36,035 [INFO] PluginManager:220 - loadIPPluginJar : add opamp
2025-03-28 15:17:36,252 [INFO] IPUIPlugin:80 - create IPUIPlugin
2025-03-28 15:17:36,253 [INFO] PluginManager:220 - loadIPPluginJar : add openamp
2025-03-28 15:17:36,387 [INFO] IPUIPlugin:80 - create IPUIPlugin
2025-03-28 15:17:36,387 [INFO] PluginManager:220 - loadIPPluginJar : add pdm2pcm
2025-03-28 15:17:36,419 [INFO] IPUIPlugin:80 - create IPUIPlugin
2025-03-28 15:17:36,423 [INFO] PluginManager:220 - loadIPPluginJar : add plateformsettings
2025-03-28 15:17:36,489 [INFO] IPUIPlugin:80 - create IPUIPlugin
2025-03-28 15:17:36,489 [INFO] PluginManager:220 - loadIPPluginJar : add quadspi
2025-03-28 15:17:36,568 [INFO] IPUIPlugin:80 - create IPUIPlugin
2025-03-28 15:17:36,569 [INFO] PluginManager:220 - loadIPPluginJar : add radio
2025-03-28 15:17:36,603 [INFO] IPUIPlugin:80 - create IPUIPlugin
2025-03-28 15:17:36,603 [INFO] PluginManager:220 - loadIPPluginJar : add resmgrutility
2025-03-28 15:17:36,726 [INFO] IPUIPlugin:80 - create IPUIPlugin
2025-03-28 15:17:36,726 [INFO] PluginManager:220 - loadIPPluginJar : add sai
2025-03-28 15:17:36,844 [INFO] IPUIPlugin:80 - create IPUIPlugin
2025-03-28 15:17:36,845 [INFO] PluginManager:220 - loadIPPluginJar : add spi
2025-03-28 15:17:37,023 [INFO] IPUIPlugin:80 - create IPUIPlugin
2025-03-28 15:17:37,024 [INFO] PluginManager:220 - loadIPPluginJar : add stm32_wpan
2025-03-28 15:17:37,085 [INFO] IPUIPlugin:80 - create IPUIPlugin
2025-03-28 15:17:37,085 [INFO] PluginManager:220 - loadIPPluginJar : add tim
2025-03-28 15:17:37,221 [INFO] IPUIPlugin:80 - create IPUIPlugin
2025-03-28 15:17:37,222 [INFO] PluginManager:220 - loadIPPluginJar : add touchsensing
2025-03-28 15:17:37,234 [INFO] ThirdPartyUpdaterWithRetryManager:70 - Updater plugin not ready yet. [3/15]
2025-03-28 15:17:37,274 [INFO] IPUIPlugin:80 - create IPUIPlugin
2025-03-28 15:17:37,274 [INFO] PluginManager:220 - loadIPPluginJar : add tracer_emb
2025-03-28 15:17:37,325 [INFO] IPUIPlugin:80 - create IPUIPlugin
2025-03-28 15:17:37,325 [INFO] PluginManager:220 - loadIPPluginJar : add ts
2025-03-28 15:17:37,380 [INFO] IPUIPlugin:80 - create IPUIPlugin
2025-03-28 15:17:37,381 [INFO] PluginManager:220 - loadIPPluginJar : add tsc
2025-03-28 15:17:37,432 [INFO] IPUIPlugin:80 - create IPUIPlugin
2025-03-28 15:17:37,433 [INFO] PluginManager:220 - loadIPPluginJar : add ucpd
2025-03-28 15:17:37,529 [INFO] IPUIPlugin:80 - create IPUIPlugin
2025-03-28 15:17:37,530 [INFO] PluginManager:220 - loadIPPluginJar : add usart
2025-03-28 15:17:37,634 [INFO] IPUIPlugin:80 - create IPUIPlugin
2025-03-28 15:17:37,634 [INFO] PluginManager:220 - loadIPPluginJar : add usbx
2025-03-28 15:17:37,835 [FATAL] Updater:351 - Updater called before beeing initialized
2025-03-28 15:17:37,901 [INFO] RulesReader:64 - Compatibility file has been processed (297 Rules)
2025-03-28 15:17:37,932 [INFO] RulesReader:64 - Compatibility file has been processed (297 Rules)
2025-03-28 15:17:37,950 [INFO] CADModel:165 - CPN selected for project level
2025-03-28 15:17:37,950 [INFO] CADModel:114 - Register for checkConnection events
2025-03-28 15:17:37,951 [FATAL] Updater:351 - Updater called before beeing initialized
2025-03-28 15:17:37,951 [ERROR] CADModel:125 - Updater not yet initialized, retry later 
2025-03-28 15:17:38,320 [FATAL] Updater:351 - Updater called before beeing initialized
2025-03-28 15:17:38,326 [INFO] CADModel:165 - CPN selected for project level
2025-03-28 15:17:38,326 [INFO] CADModel:114 - Register for checkConnection events
2025-03-28 15:17:38,326 [FATAL] Updater:351 - Updater called before beeing initialized
2025-03-28 15:17:38,326 [ERROR] CADModel:125 - Updater not yet initialized, retry later 
2025-03-28 15:17:38,333 [FATAL] Updater:351 - Updater called before beeing initialized
2025-03-28 15:17:38,580 [FATAL] Updater:351 - Updater called before beeing initialized
2025-03-28 15:17:38,600 [INFO] DbMcusAds:53 - JSON generation date=Thu Mar 06 07:54:21 MST 2025 (1741272861825)
2025-03-28 15:17:38,601 [FATAL] Updater:351 - Updater called before beeing initialized
2025-03-28 15:17:38,673 [WARN] DetailPanel:346 - Failed to get advertising image, set to default
2025-03-28 15:17:39,191 [FATAL] Updater:351 - Updater called before beeing initialized
2025-03-28 15:17:39,196 [FATAL] Updater:351 - Updater called before beeing initialized
2025-03-28 15:17:39,196 [FATAL] Updater:351 - Updater called before beeing initialized
2025-03-28 15:17:39,196 [WARN] DetailPanel:346 - Failed to get advertising image, set to default
2025-03-28 15:17:39,198 [FATAL] Updater:351 - Updater called before beeing initialized
2025-03-28 15:17:39,332 [ERROR] Updater:1198 - MainUpdater not yet initialized. External WinMGr cannot be set.
2025-03-28 15:17:39,352 [INFO] Updater:1134 - Updater Version found : 6.13.0
2025-03-28 15:17:39,378 [INFO] ApplicationProperties:184 - Using Application install path: C:\ST\STM32CubeIDE_1.17.0\STM32CubeIDE\plugins\com.st.stm32cube.common.mx_6.13.0.202411220809
2025-03-28 15:17:40,234 [INFO] ThirdPartyUpdaterWithRetryManager:70 - Updater plugin not ready yet. [4/15]
2025-03-28 15:17:40,973 [ERROR] LogOutputStream:75 - [STDERR_REDIRECT] Mar 28, 2025 3:17:40 PM java.util.prefs.WindowsPreferences <init>
2025-03-28 15:17:40,978 [ERROR] LogOutputStream:75 - [STDERR_REDIRECT] WARNING: Could not open/create prefs root node Software\JavaSoft\Prefs at root 0xffffffff80000002. Windows RegCreateKeyEx(...) returned error code 5.
2025-03-28 15:17:40,978 [ERROR] LogOutputStream:75 - [STDERR_REDIRECT] 
2025-03-28 15:17:41,708 [INFO] MainUpdater:2872 - connection check result : 10
2025-03-28 15:17:41,710 [INFO] MainUpdater:289 - Updater Check For Update Now.
2025-03-28 15:17:41,710 [INFO] MicroXplorer:498 - Change Database Version : DB.6.0.130
2025-03-28 15:17:41,741 [INFO] McuFinderGlobals:63 - Set McuFinder mode to 2 (CubeIDE integrated)
2025-03-28 15:17:41,742 [INFO] UserAuth:171 - activating auth plugin
2025-03-28 15:17:41,811 [INFO] UserAuth:486 - Internet connection configuration mode: 1
2025-03-28 15:17:41,883 [INFO] JxBrowserEngine:152 - Initiate JxBrowser Engine with user profile folder
2025-03-28 15:17:42,219 [INFO] CheckServerUpdateThread:120 - End of CheckServer Thread
2025-03-28 15:17:44,470 [WARN] PackLoader:240 - Cannot read IP mode file for STMicroelectronics.FP-SNS-MOTENVWB1.1.4.0
2025-03-28 15:17:44,549 [WARN] PackLoader:240 - Cannot read IP mode file for STMicroelectronics.FP-ATR-ASTRA1.2.0.2
2025-03-28 15:17:44,593 [WARN] PackLoader:240 - Cannot read IP mode file for STMicroelectronics.FP-ATR-ASTRA1.2.0.1
2025-03-28 15:17:44,661 [WARN] PackLoader:240 - Cannot read IP mode file for STMicroelectronics.X-CUBE-SMBUS.2.1.0
2025-03-28 15:17:44,701 [WARN] PackLoader:240 - Cannot read IP mode file for STMicroelectronics.X-CUBE-WB05N.1.1.0
2025-03-28 15:17:44,827 [WARN] PackLoader:240 - Cannot read IP mode file for STMicroelectronics.X-CUBE-AZRTOS-F7.1.1.0
2025-03-28 15:17:44,872 [WARN] PackLoader:240 - Cannot read IP mode file for STMicroelectronics.FP-SNS-FLIGHT1.5.0.2
2025-03-28 15:17:44,962 [WARN] PackLoader:240 - Cannot read IP mode file for Infineon.AIROC-Wi-Fi-Bluetooth-STM32.1.7.0
2025-03-28 15:17:45,040 [WARN] PackLoader:240 - Cannot read IP mode file for STMicroelectronics.X-CUBE-DISPLAY.3.0.0
2025-03-28 15:17:45,089 [WARN] PackLoader:240 - Cannot read IP mode file for STMicroelectronics.X-CUBE-BLE1.7.0.0
2025-03-28 15:17:45,126 [WARN] PackLoader:240 - Cannot read IP mode file for STMicroelectronics.X-CUBE-NFC10.1.0.0
2025-03-28 15:17:45,164 [WARN] PackLoader:240 - Cannot read IP mode file for emotas.I-CUBE-CANOPEN.1.3.0
2025-03-28 15:17:45,196 [WARN] ConditionMgr:438 - getConditionDescription Invalid condition id : Cortex-A Device cause : null
2025-03-28 15:17:45,269 [WARN] ConditionMgr:1044 - genDependencies : Invalid condition id : Cortex-A Device cause : null
2025-03-28 15:17:45,270 [WARN] ConditionMgr:1044 - genDependencies : Invalid condition id : Cortex-A Device cause : null
2025-03-28 15:17:45,270 [WARN] ConditionMgr:1044 - genDependencies : Invalid condition id : Cortex-A Device cause : null
2025-03-28 15:17:45,590 [WARN] PackLoader:240 - Cannot read IP mode file for STMicroelectronics.FP-SNS-SMARTAG2.1.2.0
2025-03-28 15:17:45,619 [WARN] PackLoader:240 - Cannot read IP mode file for STMicroelectronics.FP-SNS-FLIGHT1.5.1.0
2025-03-28 15:17:45,671 [INFO] LogOutputStream:77 - [STDOUT_REDIRECT] 1 : Invalid condition id : UX_CORESTACK_Condition cause : null
2025-03-28 15:17:45,672 [INFO] LogOutputStream:77 - [STDOUT_REDIRECT] 1 : Invalid condition id : UX_CORESTACK_Condition cause : null
2025-03-28 15:17:45,679 [INFO] LogOutputStream:77 - [STDOUT_REDIRECT] 1 : Invalid condition id : UX_CORESTACK_Condition cause : null
2025-03-28 15:17:45,682 [INFO] LogOutputStream:77 - [STDOUT_REDIRECT] 1 : Invalid condition id : UX_CORESTACK_Condition cause : null
2025-03-28 15:17:45,685 [INFO] LogOutputStream:77 - [STDOUT_REDIRECT] 1 : Invalid condition id : UX_CORESTACK_Condition cause : null
2025-03-28 15:17:45,692 [WARN] PackLoader:240 - Cannot read IP mode file for STMicroelectronics.X-CUBE-AZRTOS-WL.2.0.0
2025-03-28 15:17:45,728 [WARN] PackLoader:240 - Cannot read IP mode file for STMicroelectronics.FP-SNS-MOTENV1.5.0.0
2025-03-28 15:17:45,764 [WARN] PackLoader:240 - Cannot read IP mode file for WES.I-CUBE-Cesium.1.3.0
2025-03-28 15:17:45,795 [WARN] PackLoader:240 - Cannot read IP mode file for STMicroelectronics.X-CUBE-BLE2.3.3.0
2025-03-28 15:17:45,860 [WARN] PackLoader:240 - Cannot read IP mode file for STMicroelectronics.X-CUBE-NFC9.1.0.0
2025-03-28 15:17:45,899 [WARN] PackLoader:240 - Cannot read IP mode file for STMicroelectronics.X-CUBE-BLE1.7.1.0
2025-03-28 15:17:45,929 [WARN] PackLoader:240 - Cannot read IP mode file for wolfSSL.I-CUBE-wolfMQTT.1.19.2
2025-03-28 15:17:45,971 [INFO] WebApp:168 - Instantiating new browser for Auth
2025-03-28 15:17:46,009 [WARN] PackLoader:240 - Cannot read IP mode file for STMicroelectronics.X-CUBE-AZRTOS-G0.1.1.0
2025-03-28 15:17:46,046 [WARN] PackLoader:240 - Cannot read IP mode file for STMicroelectronics.X-CUBE-SAFEA1.1.2.2
2025-03-28 15:17:46,098 [WARN] PackLoader:240 - Cannot read IP mode file for STMicroelectronics.X-CUBE-NFC4.3.0.0
2025-03-28 15:17:46,162 [WARN] PackLoader:240 - Cannot read IP mode file for EmbeddedOffice.I-CUBE-FS-RTOS.1.0.1
2025-03-28 15:17:46,191 [WARN] PackLoader:240 - Cannot read IP mode file for wolfSSL.I-CUBE-wolfTPM.3.8.0
2025-03-28 15:17:46,221 [WARN] PackLoader:240 - Cannot read IP mode file for RealThread.X-CUBE-RT-Thread_Nano.4.1.1
2025-03-28 15:17:46,252 [WARN] PackLoader:240 - Cannot read IP mode file for STMicroelectronics.FP-ATR-SIGFOX1.3.2.0
2025-03-28 15:17:46,285 [WARN] PackLoader:240 - Cannot read IP mode file for STMicroelectronics.X-CUBE-EEPRMA1.5.1.0
2025-03-28 15:17:46,317 [WARN] PackLoader:240 - Cannot read IP mode file for wolfSSL.I-CUBE-wolfSSL.5.7.6
2025-03-28 15:17:46,349 [WARN] PackLoader:240 - Cannot read IP mode file for ITTIA_DB.I-CUBE-ITTIADB.8.9.0
2025-03-28 15:17:46,445 [WARN] PackLoader:240 - Cannot read IP mode file for SEGGER.I-CUBE-embOS.1.3.1
2025-03-28 15:17:46,587 [WARN] PackLoader:240 - Cannot read IP mode file for STMicroelectronics.X-CUBE-ALGOBUILD.1.4.0
2025-03-28 15:17:46,650 [WARN] PackLoader:240 - Cannot read IP mode file for STMicroelectronics.X-CUBE-AZRTOS-F4.1.1.0
2025-03-28 15:17:46,682 [WARN] PackLoader:240 - Cannot read IP mode file for STMicroelectronics.X-CUBE-ISPU.2.1.0
2025-03-28 15:17:46,743 [WARN] PackLoader:240 - Cannot read IP mode file for STMicroelectronics.X-CUBE-AZRTOS-L5.2.0.0
2025-03-28 15:17:46,779 [WARN] PackLoader:240 - Cannot read IP mode file for STMicroelectronics.X-CUBE-NFC6.3.1.0
2025-03-28 15:17:47,117 [WARN] PackLoader:240 - Cannot read IP mode file for STMicroelectronics.X-CUBE-DPower.1.2.0
2025-03-28 15:17:47,156 [WARN] PackLoader:240 - Cannot read IP mode file for STMicroelectronics.X-CUBE-NFC7.1.0.1
2025-03-28 15:17:47,382 [WARN] ConditionMgr:438 - getConditionDescription Invalid condition id : LAN8742 Phy interface Condition cause : null
2025-03-28 15:17:47,395 [WARN] PackLoader:240 - Cannot read IP mode file for STMicroelectronics.X-CUBE-AZRTOS-L4.2.0.0
2025-03-28 15:17:47,399 [WARN] ConditionMgr:1044 - genDependencies : Invalid condition id : LAN8742 Phy interface Condition cause : null
2025-03-28 15:17:47,399 [WARN] ConditionMgr:1044 - genDependencies : Invalid condition id : LAN8742 Phy interface Condition cause : null
2025-03-28 15:17:47,400 [WARN] ConditionMgr:1044 - genDependencies : Invalid condition id : LAN8742 Phy interface Condition cause : null
2025-03-28 15:17:47,455 [WARN] PackLoader:240 - Cannot read IP mode file for STMicroelectronics.X-CUBE-SFXS2LP1.4.0.0
2025-03-28 15:17:47,593 [WARN] PackLoader:240 - Cannot read IP mode file for STMicroelectronics.X-CUBE-AZRTOS-H7.3.3.0
2025-03-28 15:17:47,669 [WARN] ConditionMgr:438 - getConditionDescription Invalid condition id : UX DEVICE CLASS RTOS Condition cause : null
2025-03-28 15:17:47,669 [WARN] ConditionMgr:438 - getConditionDescription Invalid condition id : UX DEVICE CLASS RTOS Condition cause : null
2025-03-28 15:17:47,673 [WARN] PackLoader:240 - Cannot read IP mode file for STMicroelectronics.X-CUBE-AZRTOS-WB.2.0.0
2025-03-28 15:17:47,674 [WARN] ConditionMgr:1044 - genDependencies : Invalid condition id : UX DEVICE CLASS RTOS Condition cause : null
2025-03-28 15:17:47,674 [WARN] ConditionMgr:1044 - genDependencies : Invalid condition id : UX DEVICE CLASS RTOS Condition cause : null
2025-03-28 15:17:47,675 [WARN] ConditionMgr:1044 - genDependencies : Invalid condition id : UX DEVICE CLASS RTOS Condition cause : null
2025-03-28 15:17:47,676 [WARN] ConditionMgr:1044 - genDependencies : Invalid condition id : UX DEVICE CLASS RTOS Condition cause : null
2025-03-28 15:17:47,676 [WARN] ConditionMgr:1044 - genDependencies : Invalid condition id : UX DEVICE CLASS RTOS Condition cause : null
2025-03-28 15:17:47,710 [WARN] PackLoader:240 - Cannot read IP mode file for STMicroelectronics.X-CUBE-TOUCHGFX.4.25.0
2025-03-28 15:17:47,745 [WARN] PackLoader:240 - Cannot read IP mode file for STMicroelectronics.FP-SNS-STBOX1.2.0.0
2025-03-28 15:17:47,805 [WARN] PackLoader:240 - Cannot read IP mode file for STMicroelectronics.X-CUBE-SUBG2.5.0.0
2025-03-28 15:17:47,969 [WARN] PackLoader:240 - Cannot read IP mode file for STMicroelectronics.X-CUBE-AZRTOS-H7RS.1.1.0
2025-03-28 15:17:48,004 [WARN] PackLoader:240 - Cannot read IP mode file for Cesanta.I-CUBE-Mongoose.7.13.0
2025-03-28 15:17:48,064 [WARN] PackLoader:240 - Cannot read IP mode file for STMicroelectronics.X-CUBE-AZRTOS-G4.2.0.0
2025-03-28 15:17:49,038 [WARN] PackLoader:240 - Cannot read IP mode file for wolfSSL.I-CUBE-wolfSSH.1.4.20
2025-03-28 15:17:49,071 [WARN] PackLoader:240 - Cannot read IP mode file for STMicroelectronics.X-CUBE-ALS.1.0.2
2025-03-28 15:17:49,100 [WARN] PackLoader:240 - Cannot read IP mode file for STMicroelectronics.X-CUBE-TOUCHGFX.4.24.2
2025-03-28 15:17:49,155 [WARN] PackLoader:240 - Cannot read IP mode file for portGmbH.I-Cube-SoM-uGOAL.1.1.0
2025-03-28 15:17:49,223 [WARN] PackLoader:240 - Cannot read IP mode file for STMicroelectronics.X-CUBE-AZRTOS-H7RS.1.0.0
2025-03-28 15:17:49,273 [WARN] PackLoader:240 - Cannot read IP mode file for STMicroelectronics.X-CUBE-TOF1.3.4.2
2025-03-28 15:17:49,289 [INFO] ThirdParty:978 - Integrity check success = true
2025-03-28 15:17:49,290 [INFO] IntegrityCheckThread:100 - exiting critical section [integrity check]
2025-03-28 15:17:49,290 [INFO] IntegrityCheckThread:103 - End integrity checks thread
2025-03-28 15:17:50,324 [INFO] WebApp:449 - Apply proxy settings
2025-03-28 15:17:50,324 [INFO] WebApp:534 - Chromium requires no authentication
2025-03-28 15:17:50,434 [INFO] WebApp:477 - Direct internet connection detected
2025-03-28 15:17:50,544 [INFO] WebApp:880 - Register for checkConnection events
2025-03-28 15:17:50,544 [INFO] WebApp:449 - Apply proxy settings
2025-03-28 15:17:50,545 [INFO] WebApp:534 - Chromium requires no authentication
2025-03-28 15:17:50,546 [INFO] WebApp:477 - Direct internet connection detected
2025-03-28 15:17:51,291 [INFO] WebApp:221 - Starting web application
2025-03-28 15:17:51,292 [INFO] WebApp:579 - Web application path used C:\ST\STM32CubeIDE_1.17.0\STM32CubeIDE\plugins\com.st.stm32cube.common.mx_6.13.0.202411220809\db\plugins\mcufinder\reactClient1\index.html
2025-03-28 15:17:51,379 [INFO] WebApp:187 - Connection restablished
2025-03-28 15:18:47,405 [ERROR] LogOutputStream:75 - [STDERR_REDIRECT] 
2025-03-28 15:18:47,407 [ERROR] LogOutputStream:75 - [STDERR_REDIRECT] 
