2025-04-01 15:14:50,101 [INFO] Activator:176 - 


2025-04-01 15:14:50,101 [INFO] Activator:177 - !SESSION log4j initialized
2025-04-01 15:15:01,748 [INFO] LogOutputStream:77 - [STDOUT_REDIRECT] 
2025-04-01 15:15:04,640 [INFO] ApplicationProperties:184 - Using Application install path: C:\ST\STM32CubeIDE_1.17.0\STM32CubeIDE\plugins\com.st.stm32cube.common.mx_6.13.0.202411220809
2025-04-01 15:15:04,690 [INFO] DbMcusXml:78 - Set database path to: C:\ST\STM32CubeIDE_1.17.0\STM32CubeIDE\plugins\com.st.stm32cube.common.mx_6.13.0.202411220809\\db\/mcu/
2025-04-01 15:15:04,691 [INFO] ApiDb:274 - Set plugin database path to: C:\ST\STM32CubeIDE_1.17.0\STM32CubeIDE\plugins\com.st.stm32cube.common.mx_6.13.0.202411220809\\db\/plugins/boardmanager/
2025-04-01 15:15:04,691 [WARN] ApiDb:259 - Overriding images path with different value:  => C:\ST\STM32CubeIDE_1.17.0\STM32CubeIDE\plugins\com.st.stm32cube.common.mx_6.13.0.202411220809\\db\/plugins/mcufinder/images/
2025-04-01 15:15:04,720 [INFO] ApiDb:250 - Set database path to: C:\Users\victo\.stmcufinder\plugins\mcufinder//mcu/
2025-04-01 15:15:04,722 [INFO] DbMcusAds:125 - Set database path to: C:\Users\victo\.stmcufinder\plugins\mcufinder//mcu/
2025-04-01 15:15:04,725 [INFO] CrossReferenceDbSqlite:203 - Set database path to: C:\Users\victo\.stmcufinder\plugins\mcufinder//mcu/cs/
2025-04-01 15:15:04,913 [INFO] RulesReader:64 - Compatibility file has been processed (297 Rules)
2025-04-01 15:15:05,036 [INFO] DbMcusXml:78 - Set database path to: C:\ST\STM32CubeIDE_1.17.0\STM32CubeIDE\plugins\com.st.stm32cube.common.mx_6.13.0.202411220809\\db\/mcu/
2025-04-01 15:15:05,037 [INFO] ApiDb:274 - Set plugin database path to: C:\ST\STM32CubeIDE_1.17.0\STM32CubeIDE\plugins\com.st.stm32cube.common.mx_6.13.0.202411220809\\db\/plugins/boardmanager/
2025-04-01 15:15:05,037 [INFO] ApiDb:261 - Set plugin images path to: C:\ST\STM32CubeIDE_1.17.0\STM32CubeIDE\plugins\com.st.stm32cube.common.mx_6.13.0.202411220809\\db\/plugins/mcufinder/images/
2025-04-01 15:15:05,038 [WARN] DbFile:41 - Overriding database path with different value: C:\Users\victo\.stmcufinder\plugins\mcufinder/ => C:\Users\victo\.stmcufinder\plugins\mcufinder
2025-04-01 15:15:05,038 [INFO] ApiDb:250 - Set database path to: C:\Users\victo\.stmcufinder\plugins\mcufinder//mcu/
2025-04-01 15:15:05,038 [WARN] DbFile:41 - Overriding database path with different value: C:\Users\victo\.stmcufinder\plugins\mcufinder/ => C:\Users\victo\.stmcufinder\plugins\mcufinder
2025-04-01 15:15:05,038 [INFO] DbMcusAds:125 - Set database path to: C:\Users\victo\.stmcufinder\plugins\mcufinder//mcu/
2025-04-01 15:15:05,038 [WARN] DbFile:41 - Overriding database path with different value: C:\Users\victo\.stmcufinder\plugins\mcufinder/ => C:\Users\victo\.stmcufinder\plugins\mcufinder
2025-04-01 15:15:05,038 [WARN] DbFile:41 - Overriding database path with different value: C:\Users\victo\.stmcufinder\plugins\mcufinder/ => C:\Users\victo\.stmcufinder\plugins\mcufinder
2025-04-01 15:15:05,039 [INFO] CrossReferenceDbSqlite:203 - Set database path to: C:\Users\victo\.stmcufinder\plugins\mcufinder//mcu/cs/
2025-04-01 15:15:05,152 [INFO] MainPanel:272 - HeapMemory: 268435456
2025-04-01 15:15:05,310 [INFO] DbMcusXml:78 - Set database path to: C:\ST\STM32CubeIDE_1.17.0\STM32CubeIDE\plugins\com.st.stm32cube.common.mx_6.13.0.202411220809\\db\/mcu/
2025-04-01 15:15:05,310 [INFO] ApiDb:274 - Set plugin database path to: C:\ST\STM32CubeIDE_1.17.0\STM32CubeIDE\plugins\com.st.stm32cube.common.mx_6.13.0.202411220809\\db\/plugins/boardmanager/
2025-04-01 15:15:05,311 [INFO] ApiDb:261 - Set plugin images path to: C:\ST\STM32CubeIDE_1.17.0\STM32CubeIDE\plugins\com.st.stm32cube.common.mx_6.13.0.202411220809\\db\/plugins/mcufinder/images/
2025-04-01 15:15:05,311 [WARN] DbFile:41 - Overriding database path with different value: C:\Users\victo\.stmcufinder\plugins\mcufinder/ => C:\Users\victo\.stmcufinder\plugins\mcufinder
2025-04-01 15:15:05,312 [INFO] ApiDb:250 - Set database path to: C:\Users\victo\.stmcufinder\plugins\mcufinder//mcu/
2025-04-01 15:15:05,312 [WARN] DbFile:41 - Overriding database path with different value: C:\Users\victo\.stmcufinder\plugins\mcufinder/ => C:\Users\victo\.stmcufinder\plugins\mcufinder
2025-04-01 15:15:05,312 [INFO] DbMcusAds:125 - Set database path to: C:\Users\victo\.stmcufinder\plugins\mcufinder//mcu/
2025-04-01 15:15:05,312 [WARN] DbFile:41 - Overriding database path with different value: C:\Users\victo\.stmcufinder\plugins\mcufinder/ => C:\Users\victo\.stmcufinder\plugins\mcufinder
2025-04-01 15:15:05,312 [WARN] DbFile:41 - Overriding database path with different value: C:\Users\victo\.stmcufinder\plugins\mcufinder/ => C:\Users\victo\.stmcufinder\plugins\mcufinder
2025-04-01 15:15:05,313 [INFO] CrossReferenceDbSqlite:203 - Set database path to: C:\Users\victo\.stmcufinder\plugins\mcufinder//mcu/cs/
2025-04-01 15:15:05,344 [INFO] ApplicationProperties:184 - Using Application install path: C:\ST\STM32CubeIDE_1.17.0\STM32CubeIDE\plugins\com.st.stm32cube.common.mx_6.13.0.202411220809
2025-04-01 15:15:05,346 [INFO] PluginManage:196 - Search for loadable plugins [exclusion list=, ]
2025-04-01 15:15:05,348 [INFO] PluginManage:310 - Check plugin analytics
2025-04-01 15:15:05,637 [INFO] AnalyticsPlugin:253 - Accepted Software Licenses: 
2025-04-01 15:15:05,638 [INFO] AnalyticsPlugin:255 - Accepted CMSIS Pack Licenses: 
2025-04-01 15:15:05,638 [INFO] AnalyticsPlugin:257 - Accepted Firmware Licenses: FW.L4.1.18.0
2025-04-01 15:15:05,645 [INFO] PluginManage:359 - Loaded plugin analytics (category:tool,tabindex:-1)
2025-04-01 15:15:05,646 [INFO] PluginManage:310 - Check plugin cadmodel
2025-04-01 15:15:05,671 [INFO] CADModel:105 - Init CAD model plugin
2025-04-01 15:15:05,671 [INFO] PluginManage:359 - Loaded plugin cadmodel (category:power,tabindex:5)
2025-04-01 15:15:05,672 [INFO] PluginManage:310 - Check plugin clock
2025-04-01 15:15:05,699 [INFO] PluginManage:359 - Loaded plugin clock (category:base,tabindex:2)
2025-04-01 15:15:05,700 [INFO] PluginManage:310 - Check plugin ddr
2025-04-01 15:15:05,703 [INFO] PluginManage:359 - Loaded plugin ddr (category:tool,tabindex:6)
2025-04-01 15:15:05,703 [INFO] PluginManage:310 - Check plugin filemanager
2025-04-01 15:15:05,911 [INFO] PluginManage:359 - Loaded plugin filemanager (category:base,tabindex:10)
2025-04-01 15:15:05,911 [INFO] PluginManage:310 - Check plugin ipmanager
2025-04-01 15:15:05,921 [INFO] PluginManage:359 - Loaded plugin ipmanager (category:base,tabindex:5)
2025-04-01 15:15:05,921 [INFO] PluginManage:310 - Check plugin lpbam
2025-04-01 15:15:05,947 [INFO] PluginManage:359 - Loaded plugin lpbam (category:base,tabindex:0)
2025-04-01 15:15:05,947 [INFO] PluginManage:310 - Check plugin memorymap
2025-04-01 15:15:05,982 [INFO] PluginManage:359 - Loaded plugin memorymap (category:base,tabindex:4)
2025-04-01 15:15:05,983 [INFO] PluginManage:310 - Check plugin pinoutandconfiguration
2025-04-01 15:15:06,013 [INFO] PluginManage:359 - Loaded plugin pinoutandconfiguration (category:base,tabindex:1)
2025-04-01 15:15:06,013 [INFO] PluginManage:310 - Check plugin pinoutconfig
2025-04-01 15:15:06,174 [WARN] SupportedApi:132 - Cannot load RTOS API schema: s4s-elt-must-match.1: The content of 'definitions' must match (annotation?, (simpleType | complexType)?, (unique | key | keyref)*)). A problem was found starting at: attribute.
2025-04-01 15:15:06,411 [INFO] PluginManage:359 - Loaded plugin pinoutconfig (category:base,tabindex:0)
2025-04-01 15:15:06,411 [INFO] PluginManage:310 - Check plugin power
2025-04-01 15:15:06,449 [INFO] PluginManage:359 - Loaded plugin power (category:power,tabindex:4)
2025-04-01 15:15:06,450 [INFO] PluginManage:310 - Check plugin projectmanager
2025-04-01 15:15:06,480 [INFO] PluginManage:359 - Loaded plugin projectmanager (category:projectmanager,tabindex:4)
2025-04-01 15:15:06,480 [INFO] PluginManage:310 - Check plugin rif
2025-04-01 15:15:06,509 [INFO] PluginManage:359 - Loaded plugin rif (category:base,tabindex:3)
2025-04-01 15:15:06,509 [INFO] PluginManage:310 - Check plugin thirdparty
2025-04-01 15:15:07,074 [INFO] PluginManage:359 - Loaded plugin thirdparty (category:base,tabindex:-1)
2025-04-01 15:15:07,074 [INFO] PluginManage:310 - Check plugin tools
2025-04-01 15:15:07,073 [WARN] IntegrityCheckThread:84 - waiting for thirdparty lock release [integrity check]
2025-04-01 15:15:07,075 [INFO] IntegrityCheckThread:86 - entering critical section [integrity check]
2025-04-01 15:15:07,076 [INFO] ThirdPartyUpdaterWithRetryManager:70 - Updater plugin not ready yet. [1/15]
2025-04-01 15:15:07,146 [INFO] PluginManage:359 - Loaded plugin tools (category:base,tabindex:7)
2025-04-01 15:15:07,146 [INFO] PluginManage:310 - Check plugin tutovideos
2025-04-01 15:15:07,474 [INFO] PluginManage:359 - Loaded plugin tutovideos (category:base,tabindex:-1)
2025-04-01 15:15:07,474 [INFO] PluginManage:310 - Check plugin updater
2025-04-01 15:15:07,509 [INFO] PluginManage:359 - Loaded plugin updater (category:base,tabindex:12)
2025-04-01 15:15:07,509 [INFO] PluginManage:310 - Check plugin userauth
2025-04-01 15:15:07,517 [INFO] UserAuth:118 - Init User Auth plugin
2025-04-01 15:15:07,518 [INFO] PluginManage:359 - Loaded plugin userauth (category:base,tabindex:14)
2025-04-01 15:15:07,519 [INFO] PluginManage:283 - PluginManage : Loaded plugins [18]
2025-04-01 15:15:07,845 [INFO] PinOutPanel:1589 - setPackage(No Configuration,No Configuration)
2025-04-01 15:15:07,985 [INFO] CADModel:165 - CPN selected for project level
2025-04-01 15:15:07,985 [INFO] CADModel:114 - Register for checkConnection events
2025-04-01 15:15:08,031 [INFO] IPUIPlugin:80 - create IPUIPlugin
2025-04-01 15:15:08,031 [INFO] PluginManager:220 - loadIPPluginJar : add adc
2025-04-01 15:15:08,109 [INFO] IPUIPlugin:80 - create IPUIPlugin
2025-04-01 15:15:08,109 [INFO] PluginManager:220 - loadIPPluginJar : add aes
2025-04-01 15:15:08,194 [INFO] IPUIPlugin:80 - create IPUIPlugin
2025-04-01 15:15:08,194 [INFO] PluginManager:220 - loadIPPluginJar : add can
2025-04-01 15:15:08,241 [INFO] IPUIPlugin:80 - create IPUIPlugin
2025-04-01 15:15:08,242 [INFO] PluginManager:220 - loadIPPluginJar : add comp
2025-04-01 15:15:08,305 [INFO] IPUIPlugin:80 - create IPUIPlugin
2025-04-01 15:15:08,305 [INFO] PluginManager:220 - loadIPPluginJar : add cryp
2025-04-01 15:15:08,325 [INFO] IPUIPlugin:80 - create IPUIPlugin
2025-04-01 15:15:08,325 [INFO] PluginManager:220 - loadIPPluginJar : add ddr_ctrl_phy
2025-04-01 15:15:08,386 [INFO] IPUIPlugin:80 - create IPUIPlugin
2025-04-01 15:15:08,386 [INFO] PluginManager:220 - loadIPPluginJar : add dfsdm
2025-04-01 15:15:08,408 [INFO] IPUIPlugin:80 - create IPUIPlugin
2025-04-01 15:15:08,409 [INFO] PluginManager:220 - loadIPPluginJar : add dma
2025-04-01 15:15:08,476 [INFO] IPUIPlugin:80 - create IPUIPlugin
2025-04-01 15:15:08,476 [INFO] PluginManager:220 - loadIPPluginJar : add dma3
2025-04-01 15:15:08,553 [INFO] IPUIPlugin:80 - create IPUIPlugin
2025-04-01 15:15:08,553 [INFO] PluginManager:220 - loadIPPluginJar : add extmemmanager
2025-04-01 15:15:08,588 [INFO] IPUIPlugin:80 - create IPUIPlugin
2025-04-01 15:15:08,589 [INFO] PluginManager:220 - loadIPPluginJar : add fatfs
2025-04-01 15:15:08,670 [INFO] IPUIPlugin:80 - create IPUIPlugin
2025-04-01 15:15:08,670 [INFO] PluginManager:220 - loadIPPluginJar : add fmc
2025-04-01 15:15:08,694 [INFO] IPUIPlugin:80 - create IPUIPlugin
2025-04-01 15:15:08,694 [INFO] PluginManager:220 - loadIPPluginJar : add freertos
2025-04-01 15:15:08,728 [INFO] IPUIPlugin:80 - create IPUIPlugin
2025-04-01 15:15:08,729 [INFO] PluginManager:220 - loadIPPluginJar : add genericplugin
2025-04-01 15:15:08,892 [INFO] IPUIPlugin:80 - create IPUIPlugin
2025-04-01 15:15:08,892 [INFO] PluginManager:220 - loadIPPluginJar : add gfxmmu
2025-04-01 15:15:09,151 [INFO] IPUIPlugin:80 - create IPUIPlugin
2025-04-01 15:15:09,151 [INFO] PluginManager:220 - loadIPPluginJar : add gic
2025-04-01 15:15:09,172 [INFO] IPUIPlugin:80 - create IPUIPlugin
2025-04-01 15:15:09,172 [INFO] PluginManager:220 - loadIPPluginJar : add gpio
2025-04-01 15:15:09,326 [INFO] IPUIPlugin:80 - create IPUIPlugin
2025-04-01 15:15:09,326 [INFO] PluginManager:220 - loadIPPluginJar : add gtzc
2025-04-01 15:15:09,382 [INFO] IPUIPlugin:80 - create IPUIPlugin
2025-04-01 15:15:09,382 [INFO] PluginManager:220 - loadIPPluginJar : add hash
2025-04-01 15:15:09,472 [INFO] IPUIPlugin:80 - create IPUIPlugin
2025-04-01 15:15:09,472 [INFO] PluginManager:220 - loadIPPluginJar : add i2c
2025-04-01 15:15:09,539 [INFO] IPUIPlugin:80 - create IPUIPlugin
2025-04-01 15:15:09,539 [INFO] PluginManager:220 - loadIPPluginJar : add i2s
2025-04-01 15:15:09,609 [INFO] IPUIPlugin:80 - create IPUIPlugin
2025-04-01 15:15:09,610 [INFO] PluginManager:220 - loadIPPluginJar : add i3c
2025-04-01 15:15:09,783 [INFO] IPUIPlugin:80 - create IPUIPlugin
2025-04-01 15:15:09,783 [INFO] PluginManager:220 - loadIPPluginJar : add ipddr
2025-04-01 15:15:09,942 [INFO] IPUIPlugin:80 - create IPUIPlugin
2025-04-01 15:15:09,942 [INFO] PluginManager:220 - loadIPPluginJar : add linkedlist
2025-04-01 15:15:10,003 [INFO] IPUIPlugin:80 - create IPUIPlugin
2025-04-01 15:15:10,003 [INFO] PluginManager:220 - loadIPPluginJar : add lorawan
2025-04-01 15:15:10,064 [INFO] IPUIPlugin:80 - create IPUIPlugin
2025-04-01 15:15:10,065 [INFO] PluginManager:220 - loadIPPluginJar : add ltdc
2025-04-01 15:15:10,077 [INFO] ThirdPartyUpdaterWithRetryManager:70 - Updater plugin not ready yet. [2/15]
2025-04-01 15:15:10,097 [INFO] IPUIPlugin:80 - create IPUIPlugin
2025-04-01 15:15:10,098 [INFO] PluginManager:220 - loadIPPluginJar : add mdma
2025-04-01 15:15:10,119 [INFO] IPUIPlugin:80 - create IPUIPlugin
2025-04-01 15:15:10,119 [INFO] PluginManager:220 - loadIPPluginJar : add nvic
2025-04-01 15:15:10,194 [INFO] IPUIPlugin:80 - create IPUIPlugin
2025-04-01 15:15:10,195 [INFO] PluginManager:220 - loadIPPluginJar : add opamp
2025-04-01 15:15:10,300 [INFO] IPUIPlugin:80 - create IPUIPlugin
2025-04-01 15:15:10,300 [INFO] PluginManager:220 - loadIPPluginJar : add openamp
2025-04-01 15:15:10,374 [INFO] IPUIPlugin:80 - create IPUIPlugin
2025-04-01 15:15:10,374 [INFO] PluginManager:220 - loadIPPluginJar : add pdm2pcm
2025-04-01 15:15:10,397 [INFO] IPUIPlugin:80 - create IPUIPlugin
2025-04-01 15:15:10,400 [INFO] PluginManager:220 - loadIPPluginJar : add plateformsettings
2025-04-01 15:15:10,441 [INFO] IPUIPlugin:80 - create IPUIPlugin
2025-04-01 15:15:10,441 [INFO] PluginManager:220 - loadIPPluginJar : add quadspi
2025-04-01 15:15:10,485 [INFO] IPUIPlugin:80 - create IPUIPlugin
2025-04-01 15:15:10,486 [INFO] PluginManager:220 - loadIPPluginJar : add radio
2025-04-01 15:15:10,505 [INFO] IPUIPlugin:80 - create IPUIPlugin
2025-04-01 15:15:10,506 [INFO] PluginManager:220 - loadIPPluginJar : add resmgrutility
2025-04-01 15:15:10,586 [INFO] IPUIPlugin:80 - create IPUIPlugin
2025-04-01 15:15:10,586 [INFO] PluginManager:220 - loadIPPluginJar : add sai
2025-04-01 15:15:10,650 [INFO] IPUIPlugin:80 - create IPUIPlugin
2025-04-01 15:15:10,650 [INFO] PluginManager:220 - loadIPPluginJar : add spi
2025-04-01 15:15:10,761 [INFO] IPUIPlugin:80 - create IPUIPlugin
2025-04-01 15:15:10,762 [INFO] PluginManager:220 - loadIPPluginJar : add stm32_wpan
2025-04-01 15:15:10,803 [INFO] IPUIPlugin:80 - create IPUIPlugin
2025-04-01 15:15:10,803 [INFO] PluginManager:220 - loadIPPluginJar : add tim
2025-04-01 15:15:10,906 [INFO] IPUIPlugin:80 - create IPUIPlugin
2025-04-01 15:15:10,906 [INFO] PluginManager:220 - loadIPPluginJar : add touchsensing
2025-04-01 15:15:10,945 [INFO] IPUIPlugin:80 - create IPUIPlugin
2025-04-01 15:15:10,945 [INFO] PluginManager:220 - loadIPPluginJar : add tracer_emb
2025-04-01 15:15:10,986 [INFO] IPUIPlugin:80 - create IPUIPlugin
2025-04-01 15:15:10,986 [INFO] PluginManager:220 - loadIPPluginJar : add ts
2025-04-01 15:15:11,024 [INFO] IPUIPlugin:80 - create IPUIPlugin
2025-04-01 15:15:11,024 [INFO] PluginManager:220 - loadIPPluginJar : add tsc
2025-04-01 15:15:11,062 [INFO] IPUIPlugin:80 - create IPUIPlugin
2025-04-01 15:15:11,062 [INFO] PluginManager:220 - loadIPPluginJar : add ucpd
2025-04-01 15:15:11,145 [INFO] IPUIPlugin:80 - create IPUIPlugin
2025-04-01 15:15:11,145 [INFO] PluginManager:220 - loadIPPluginJar : add usart
2025-04-01 15:15:11,218 [INFO] IPUIPlugin:80 - create IPUIPlugin
2025-04-01 15:15:11,218 [INFO] PluginManager:220 - loadIPPluginJar : add usbx
2025-04-01 15:15:11,383 [FATAL] Updater:351 - Updater called before beeing initialized
2025-04-01 15:15:11,431 [INFO] RulesReader:64 - Compatibility file has been processed (297 Rules)
2025-04-01 15:15:11,448 [INFO] RulesReader:64 - Compatibility file has been processed (297 Rules)
2025-04-01 15:15:11,460 [INFO] CADModel:165 - CPN selected for project level
2025-04-01 15:15:11,460 [INFO] CADModel:114 - Register for checkConnection events
2025-04-01 15:15:11,461 [FATAL] Updater:351 - Updater called before beeing initialized
2025-04-01 15:15:11,461 [ERROR] CADModel:125 - Updater not yet initialized, retry later 
2025-04-01 15:15:11,708 [FATAL] Updater:351 - Updater called before beeing initialized
2025-04-01 15:15:11,711 [INFO] CADModel:165 - CPN selected for project level
2025-04-01 15:15:11,711 [INFO] CADModel:114 - Register for checkConnection events
2025-04-01 15:15:11,711 [FATAL] Updater:351 - Updater called before beeing initialized
2025-04-01 15:15:11,712 [ERROR] CADModel:125 - Updater not yet initialized, retry later 
2025-04-01 15:15:11,717 [FATAL] Updater:351 - Updater called before beeing initialized
2025-04-01 15:15:11,919 [FATAL] Updater:351 - Updater called before beeing initialized
2025-04-01 15:15:11,933 [INFO] DbMcusAds:53 - JSON generation date=Thu Mar 06 07:54:21 MST 2025 (1741272861825)
2025-04-01 15:15:11,934 [FATAL] Updater:351 - Updater called before beeing initialized
2025-04-01 15:15:11,987 [WARN] DetailPanel:346 - Failed to get advertising image, set to default
2025-04-01 15:15:12,319 [FATAL] Updater:351 - Updater called before beeing initialized
2025-04-01 15:15:12,321 [FATAL] Updater:351 - Updater called before beeing initialized
2025-04-01 15:15:12,322 [FATAL] Updater:351 - Updater called before beeing initialized
2025-04-01 15:15:12,322 [WARN] DetailPanel:346 - Failed to get advertising image, set to default
2025-04-01 15:15:12,323 [FATAL] Updater:351 - Updater called before beeing initialized
2025-04-01 15:15:12,439 [ERROR] Updater:1198 - MainUpdater not yet initialized. External WinMGr cannot be set.
2025-04-01 15:15:12,453 [INFO] Updater:1134 - Updater Version found : 6.13.0
2025-04-01 15:15:12,478 [INFO] ApplicationProperties:184 - Using Application install path: C:\ST\STM32CubeIDE_1.17.0\STM32CubeIDE\plugins\com.st.stm32cube.common.mx_6.13.0.202411220809
2025-04-01 15:15:13,078 [INFO] ThirdPartyUpdaterWithRetryManager:70 - Updater plugin not ready yet. [3/15]
2025-04-01 15:15:14,068 [ERROR] LogOutputStream:75 - [STDERR_REDIRECT] Apr 01, 2025 3:15:14 PM java.util.prefs.WindowsPreferences <init>
2025-04-01 15:15:14,071 [ERROR] LogOutputStream:75 - [STDERR_REDIRECT] WARNING: Could not open/create prefs root node Software\JavaSoft\Prefs at root 0xffffffff80000002. Windows RegCreateKeyEx(...) returned error code 5.
2025-04-01 15:15:14,071 [ERROR] LogOutputStream:75 - [STDERR_REDIRECT] 
2025-04-01 15:15:14,599 [INFO] MainUpdater:2872 - connection check result : 10
2025-04-01 15:15:14,600 [INFO] MainUpdater:289 - Updater Check For Update Now.
2025-04-01 15:15:14,601 [INFO] MicroXplorer:498 - Change Database Version : DB.6.0.130
2025-04-01 15:15:14,634 [INFO] McuFinderGlobals:63 - Set McuFinder mode to 2 (CubeIDE integrated)
2025-04-01 15:15:14,635 [INFO] UserAuth:171 - activating auth plugin
2025-04-01 15:15:14,653 [INFO] UserAuth:486 - Internet connection configuration mode: 1
2025-04-01 15:15:14,715 [INFO] JxBrowserEngine:152 - Initiate JxBrowser Engine with user profile folder
2025-04-01 15:15:14,975 [INFO] CheckServerUpdateThread:120 - End of CheckServer Thread
2025-04-01 15:15:16,692 [WARN] PackLoader:240 - Cannot read IP mode file for STMicroelectronics.FP-SNS-MOTENVWB1.1.4.0
2025-04-01 15:15:16,733 [WARN] PackLoader:240 - Cannot read IP mode file for STMicroelectronics.FP-ATR-ASTRA1.2.0.2
2025-04-01 15:15:16,768 [WARN] PackLoader:240 - Cannot read IP mode file for STMicroelectronics.FP-ATR-ASTRA1.2.0.1
2025-04-01 15:15:16,837 [WARN] PackLoader:240 - Cannot read IP mode file for STMicroelectronics.X-CUBE-SMBUS.2.1.0
2025-04-01 15:15:16,883 [WARN] PackLoader:240 - Cannot read IP mode file for STMicroelectronics.X-CUBE-WB05N.1.1.0
2025-04-01 15:15:17,002 [WARN] PackLoader:240 - Cannot read IP mode file for STMicroelectronics.X-CUBE-AZRTOS-F7.1.1.0
2025-04-01 15:15:17,092 [WARN] PackLoader:240 - Cannot read IP mode file for STMicroelectronics.FP-SNS-FLIGHT1.5.0.2
2025-04-01 15:15:17,179 [WARN] PackLoader:240 - Cannot read IP mode file for Infineon.AIROC-Wi-Fi-Bluetooth-STM32.1.7.0
2025-04-01 15:15:17,247 [WARN] PackLoader:240 - Cannot read IP mode file for STMicroelectronics.X-CUBE-DISPLAY.3.0.0
2025-04-01 15:15:17,322 [WARN] PackLoader:240 - Cannot read IP mode file for STMicroelectronics.X-CUBE-BLE1.7.0.0
2025-04-01 15:15:17,358 [WARN] PackLoader:240 - Cannot read IP mode file for STMicroelectronics.X-CUBE-NFC10.1.0.0
2025-04-01 15:15:17,396 [WARN] PackLoader:240 - Cannot read IP mode file for emotas.I-CUBE-CANOPEN.1.3.0
2025-04-01 15:15:17,432 [WARN] ConditionMgr:438 - getConditionDescription Invalid condition id : Cortex-A Device cause : null
2025-04-01 15:15:17,480 [WARN] ConditionMgr:1044 - genDependencies : Invalid condition id : Cortex-A Device cause : null
2025-04-01 15:15:17,481 [WARN] ConditionMgr:1044 - genDependencies : Invalid condition id : Cortex-A Device cause : null
2025-04-01 15:15:17,481 [WARN] ConditionMgr:1044 - genDependencies : Invalid condition id : Cortex-A Device cause : null
2025-04-01 15:15:17,481 [INFO] WebApp:168 - Instantiating new browser for Auth
2025-04-01 15:15:17,513 [WARN] PackLoader:240 - Cannot read IP mode file for STMicroelectronics.FP-SNS-SMARTAG2.1.2.0
2025-04-01 15:15:17,543 [WARN] PackLoader:240 - Cannot read IP mode file for STMicroelectronics.FP-SNS-FLIGHT1.5.1.0
2025-04-01 15:15:17,598 [INFO] LogOutputStream:77 - [STDOUT_REDIRECT] 1 : Invalid condition id : UX_CORESTACK_Condition cause : null
2025-04-01 15:15:17,600 [INFO] LogOutputStream:77 - [STDOUT_REDIRECT] 1 : Invalid condition id : UX_CORESTACK_Condition cause : null
2025-04-01 15:15:17,602 [INFO] LogOutputStream:77 - [STDOUT_REDIRECT] 1 : Invalid condition id : UX_CORESTACK_Condition cause : null
2025-04-01 15:15:17,605 [INFO] LogOutputStream:77 - [STDOUT_REDIRECT] 1 : Invalid condition id : UX_CORESTACK_Condition cause : null
2025-04-01 15:15:17,607 [INFO] LogOutputStream:77 - [STDOUT_REDIRECT] 1 : Invalid condition id : UX_CORESTACK_Condition cause : null
2025-04-01 15:15:17,614 [WARN] PackLoader:240 - Cannot read IP mode file for STMicroelectronics.X-CUBE-AZRTOS-WL.2.0.0
2025-04-01 15:15:17,722 [WARN] PackLoader:240 - Cannot read IP mode file for STMicroelectronics.FP-SNS-MOTENV1.5.0.0
2025-04-01 15:15:17,757 [WARN] PackLoader:240 - Cannot read IP mode file for WES.I-CUBE-Cesium.1.3.0
2025-04-01 15:15:17,789 [WARN] PackLoader:240 - Cannot read IP mode file for STMicroelectronics.X-CUBE-BLE2.3.3.0
2025-04-01 15:15:17,824 [WARN] PackLoader:240 - Cannot read IP mode file for STMicroelectronics.X-CUBE-NFC9.1.0.0
2025-04-01 15:15:17,864 [WARN] PackLoader:240 - Cannot read IP mode file for STMicroelectronics.X-CUBE-BLE1.7.1.0
2025-04-01 15:15:17,943 [WARN] PackLoader:240 - Cannot read IP mode file for wolfSSL.I-CUBE-wolfMQTT.1.19.2
2025-04-01 15:15:18,029 [WARN] PackLoader:240 - Cannot read IP mode file for STMicroelectronics.X-CUBE-AZRTOS-G0.1.1.0
2025-04-01 15:15:18,079 [WARN] PackLoader:240 - Cannot read IP mode file for STMicroelectronics.X-CUBE-SAFEA1.1.2.2
2025-04-01 15:15:18,139 [WARN] PackLoader:240 - Cannot read IP mode file for STMicroelectronics.X-CUBE-NFC4.3.0.0
2025-04-01 15:15:18,255 [WARN] PackLoader:240 - Cannot read IP mode file for EmbeddedOffice.I-CUBE-FS-RTOS.1.0.1
2025-04-01 15:15:18,308 [WARN] PackLoader:240 - Cannot read IP mode file for wolfSSL.I-CUBE-wolfTPM.3.8.0
2025-04-01 15:15:18,594 [WARN] PackLoader:240 - Cannot read IP mode file for RealThread.X-CUBE-RT-Thread_Nano.4.1.1
2025-04-01 15:15:18,668 [WARN] PackLoader:240 - Cannot read IP mode file for STMicroelectronics.FP-ATR-SIGFOX1.3.2.0
2025-04-01 15:15:18,745 [WARN] PackLoader:240 - Cannot read IP mode file for STMicroelectronics.X-CUBE-EEPRMA1.5.1.0
2025-04-01 15:15:18,778 [WARN] PackLoader:240 - Cannot read IP mode file for wolfSSL.I-CUBE-wolfSSL.5.7.6
2025-04-01 15:15:18,830 [WARN] PackLoader:240 - Cannot read IP mode file for ITTIA_DB.I-CUBE-ITTIADB.8.9.0
2025-04-01 15:15:18,903 [WARN] PackLoader:240 - Cannot read IP mode file for SEGGER.I-CUBE-embOS.1.3.1
2025-04-01 15:15:19,059 [WARN] PackLoader:240 - Cannot read IP mode file for STMicroelectronics.X-CUBE-ALGOBUILD.1.4.0
2025-04-01 15:15:19,145 [WARN] PackLoader:240 - Cannot read IP mode file for STMicroelectronics.X-CUBE-AZRTOS-F4.1.1.0
2025-04-01 15:15:19,179 [WARN] PackLoader:240 - Cannot read IP mode file for STMicroelectronics.X-CUBE-ISPU.2.1.0
2025-04-01 15:15:19,240 [WARN] PackLoader:240 - Cannot read IP mode file for STMicroelectronics.X-CUBE-AZRTOS-L5.2.0.0
2025-04-01 15:15:19,278 [WARN] PackLoader:240 - Cannot read IP mode file for STMicroelectronics.X-CUBE-NFC6.3.1.0
2025-04-01 15:15:19,319 [WARN] PackLoader:240 - Cannot read IP mode file for STMicroelectronics.X-CUBE-DPower.1.2.0
2025-04-01 15:15:19,349 [WARN] PackLoader:240 - Cannot read IP mode file for STMicroelectronics.X-CUBE-NFC7.1.0.1
2025-04-01 15:15:19,384 [WARN] PackLoader:240 - Cannot read IP mode file for STMicroelectronics.X-CUBE-DPower.1.3.0
2025-04-01 15:15:19,489 [WARN] ConditionMgr:438 - getConditionDescription Invalid condition id : LAN8742 Phy interface Condition cause : null
2025-04-01 15:15:19,491 [WARN] PackLoader:240 - Cannot read IP mode file for STMicroelectronics.X-CUBE-AZRTOS-L4.2.0.0
2025-04-01 15:15:19,495 [WARN] ConditionMgr:1044 - genDependencies : Invalid condition id : LAN8742 Phy interface Condition cause : null
2025-04-01 15:15:19,496 [WARN] ConditionMgr:1044 - genDependencies : Invalid condition id : LAN8742 Phy interface Condition cause : null
2025-04-01 15:15:19,498 [WARN] ConditionMgr:1044 - genDependencies : Invalid condition id : LAN8742 Phy interface Condition cause : null
2025-04-01 15:15:19,540 [WARN] PackLoader:240 - Cannot read IP mode file for STMicroelectronics.X-CUBE-SFXS2LP1.4.0.0
2025-04-01 15:15:19,622 [WARN] PackLoader:240 - Cannot read IP mode file for STMicroelectronics.X-CUBE-AZRTOS-H7.3.3.0
2025-04-01 15:15:19,710 [WARN] ConditionMgr:438 - getConditionDescription Invalid condition id : UX DEVICE CLASS RTOS Condition cause : null
2025-04-01 15:15:19,710 [WARN] ConditionMgr:438 - getConditionDescription Invalid condition id : UX DEVICE CLASS RTOS Condition cause : null
2025-04-01 15:15:19,714 [WARN] PackLoader:240 - Cannot read IP mode file for STMicroelectronics.X-CUBE-AZRTOS-WB.2.0.0
2025-04-01 15:15:19,715 [WARN] ConditionMgr:1044 - genDependencies : Invalid condition id : UX DEVICE CLASS RTOS Condition cause : null
2025-04-01 15:15:19,716 [WARN] ConditionMgr:1044 - genDependencies : Invalid condition id : UX DEVICE CLASS RTOS Condition cause : null
2025-04-01 15:15:19,717 [WARN] ConditionMgr:1044 - genDependencies : Invalid condition id : UX DEVICE CLASS RTOS Condition cause : null
2025-04-01 15:15:19,717 [WARN] ConditionMgr:1044 - genDependencies : Invalid condition id : UX DEVICE CLASS RTOS Condition cause : null
2025-04-01 15:15:19,718 [WARN] ConditionMgr:1044 - genDependencies : Invalid condition id : UX DEVICE CLASS RTOS Condition cause : null
2025-04-01 15:15:19,753 [WARN] PackLoader:240 - Cannot read IP mode file for STMicroelectronics.X-CUBE-TOUCHGFX.4.25.0
2025-04-01 15:15:19,795 [WARN] PackLoader:240 - Cannot read IP mode file for STMicroelectronics.FP-SNS-STBOX1.2.0.0
2025-04-01 15:15:19,843 [WARN] PackLoader:240 - Cannot read IP mode file for STMicroelectronics.X-CUBE-SUBG2.5.0.0
2025-04-01 15:15:19,944 [WARN] PackLoader:240 - Cannot read IP mode file for STMicroelectronics.X-CUBE-AZRTOS-H7RS.1.1.0
2025-04-01 15:15:19,980 [WARN] PackLoader:240 - Cannot read IP mode file for Cesanta.I-CUBE-Mongoose.7.13.0
2025-04-01 15:15:20,040 [WARN] PackLoader:240 - Cannot read IP mode file for STMicroelectronics.X-CUBE-AZRTOS-G4.2.0.0
2025-04-01 15:15:20,071 [WARN] PackLoader:240 - Cannot read IP mode file for wolfSSL.I-CUBE-wolfSSH.1.4.20
2025-04-01 15:15:20,108 [WARN] PackLoader:240 - Cannot read IP mode file for STMicroelectronics.X-CUBE-ALS.1.0.2
2025-04-01 15:15:20,135 [WARN] PackLoader:240 - Cannot read IP mode file for STMicroelectronics.X-CUBE-TOUCHGFX.4.24.2
2025-04-01 15:15:20,171 [WARN] PackLoader:240 - Cannot read IP mode file for portGmbH.I-Cube-SoM-uGOAL.1.1.0
2025-04-01 15:15:20,275 [WARN] PackLoader:240 - Cannot read IP mode file for STMicroelectronics.X-CUBE-AZRTOS-H7RS.1.0.0
2025-04-01 15:15:20,330 [WARN] PackLoader:240 - Cannot read IP mode file for STMicroelectronics.X-CUBE-TOF1.3.4.2
2025-04-01 15:15:20,347 [INFO] ThirdParty:978 - Integrity check success = true
2025-04-01 15:15:20,347 [INFO] IntegrityCheckThread:100 - exiting critical section [integrity check]
2025-04-01 15:15:20,347 [INFO] IntegrityCheckThread:103 - End integrity checks thread
2025-04-01 15:15:21,307 [INFO] WebApp:449 - Apply proxy settings
2025-04-01 15:15:21,308 [INFO] WebApp:534 - Chromium requires no authentication
2025-04-01 15:15:21,407 [INFO] WebApp:477 - Direct internet connection detected
2025-04-01 15:15:21,509 [INFO] WebApp:880 - Register for checkConnection events
2025-04-01 15:15:21,509 [INFO] WebApp:449 - Apply proxy settings
2025-04-01 15:15:21,509 [INFO] WebApp:534 - Chromium requires no authentication
2025-04-01 15:15:21,511 [INFO] WebApp:477 - Direct internet connection detected
2025-04-01 15:15:21,764 [INFO] WebApp:187 - Connection restablished
2025-04-01 15:15:22,079 [INFO] WebApp:221 - Starting web application
2025-04-01 15:15:22,079 [INFO] WebApp:579 - Web application path used C:\ST\STM32CubeIDE_1.17.0\STM32CubeIDE\plugins\com.st.stm32cube.common.mx_6.13.0.202411220809\db\plugins\mcufinder\reactClient1\index.html
2025-04-01 16:19:21,825 [ERROR] LogOutputStream:75 - [STDERR_REDIRECT] 
