2025-04-07 12:19:03,826 [INFO] Activator:176 - 


2025-04-07 12:19:03,833 [INFO] Activator:177 - !SESSION log4j initialized
2025-04-07 12:19:18,594 [INFO] LogOutputStream:77 - [STDOUT_REDIRECT] 
2025-04-07 12:19:21,498 [INFO] ApplicationProperties:184 - Using Application install path: C:\ST\STM32CubeIDE_1.17.0\STM32CubeIDE\plugins\com.st.stm32cube.common.mx_6.13.0.202411220809
2025-04-07 12:19:21,540 [INFO] DbMcusXml:78 - Set database path to: C:\ST\STM32CubeIDE_1.17.0\STM32CubeIDE\plugins\com.st.stm32cube.common.mx_6.13.0.202411220809\\db\/mcu/
2025-04-07 12:19:21,541 [INFO] ApiDb:274 - Set plugin database path to: C:\ST\STM32CubeIDE_1.17.0\STM32CubeIDE\plugins\com.st.stm32cube.common.mx_6.13.0.202411220809\\db\/plugins/boardmanager/
2025-04-07 12:19:21,543 [WARN] ApiDb:259 - Overriding images path with different value:  => C:\ST\STM32CubeIDE_1.17.0\STM32CubeIDE\plugins\com.st.stm32cube.common.mx_6.13.0.202411220809\\db\/plugins/mcufinder/images/
2025-04-07 12:19:21,563 [INFO] ApiDb:250 - Set database path to: C:\Users\victo\.stmcufinder\plugins\mcufinder//mcu/
2025-04-07 12:19:21,566 [INFO] DbMcusAds:125 - Set database path to: C:\Users\victo\.stmcufinder\plugins\mcufinder//mcu/
2025-04-07 12:19:21,575 [INFO] CrossReferenceDbSqlite:203 - Set database path to: C:\Users\victo\.stmcufinder\plugins\mcufinder//mcu/cs/
2025-04-07 12:19:21,809 [INFO] RulesReader:64 - Compatibility file has been processed (297 Rules)
2025-04-07 12:19:21,938 [INFO] DbMcusXml:78 - Set database path to: C:\ST\STM32CubeIDE_1.17.0\STM32CubeIDE\plugins\com.st.stm32cube.common.mx_6.13.0.202411220809\\db\/mcu/
2025-04-07 12:19:21,939 [INFO] ApiDb:274 - Set plugin database path to: C:\ST\STM32CubeIDE_1.17.0\STM32CubeIDE\plugins\com.st.stm32cube.common.mx_6.13.0.202411220809\\db\/plugins/boardmanager/
2025-04-07 12:19:21,939 [INFO] ApiDb:261 - Set plugin images path to: C:\ST\STM32CubeIDE_1.17.0\STM32CubeIDE\plugins\com.st.stm32cube.common.mx_6.13.0.202411220809\\db\/plugins/mcufinder/images/
2025-04-07 12:19:21,939 [WARN] DbFile:41 - Overriding database path with different value: C:\Users\victo\.stmcufinder\plugins\mcufinder/ => C:\Users\victo\.stmcufinder\plugins\mcufinder
2025-04-07 12:19:21,940 [INFO] ApiDb:250 - Set database path to: C:\Users\victo\.stmcufinder\plugins\mcufinder//mcu/
2025-04-07 12:19:21,940 [WARN] DbFile:41 - Overriding database path with different value: C:\Users\victo\.stmcufinder\plugins\mcufinder/ => C:\Users\victo\.stmcufinder\plugins\mcufinder
2025-04-07 12:19:21,940 [INFO] DbMcusAds:125 - Set database path to: C:\Users\victo\.stmcufinder\plugins\mcufinder//mcu/
2025-04-07 12:19:21,940 [WARN] DbFile:41 - Overriding database path with different value: C:\Users\victo\.stmcufinder\plugins\mcufinder/ => C:\Users\victo\.stmcufinder\plugins\mcufinder
2025-04-07 12:19:21,940 [WARN] DbFile:41 - Overriding database path with different value: C:\Users\victo\.stmcufinder\plugins\mcufinder/ => C:\Users\victo\.stmcufinder\plugins\mcufinder
2025-04-07 12:19:21,940 [INFO] CrossReferenceDbSqlite:203 - Set database path to: C:\Users\victo\.stmcufinder\plugins\mcufinder//mcu/cs/
2025-04-07 12:19:22,071 [INFO] MainPanel:272 - HeapMemory: 268435456
2025-04-07 12:19:22,227 [INFO] DbMcusXml:78 - Set database path to: C:\ST\STM32CubeIDE_1.17.0\STM32CubeIDE\plugins\com.st.stm32cube.common.mx_6.13.0.202411220809\\db\/mcu/
2025-04-07 12:19:22,227 [INFO] ApiDb:274 - Set plugin database path to: C:\ST\STM32CubeIDE_1.17.0\STM32CubeIDE\plugins\com.st.stm32cube.common.mx_6.13.0.202411220809\\db\/plugins/boardmanager/
2025-04-07 12:19:22,227 [INFO] ApiDb:261 - Set plugin images path to: C:\ST\STM32CubeIDE_1.17.0\STM32CubeIDE\plugins\com.st.stm32cube.common.mx_6.13.0.202411220809\\db\/plugins/mcufinder/images/
2025-04-07 12:19:22,228 [WARN] DbFile:41 - Overriding database path with different value: C:\Users\victo\.stmcufinder\plugins\mcufinder/ => C:\Users\victo\.stmcufinder\plugins\mcufinder
2025-04-07 12:19:22,228 [INFO] ApiDb:250 - Set database path to: C:\Users\victo\.stmcufinder\plugins\mcufinder//mcu/
2025-04-07 12:19:22,228 [WARN] DbFile:41 - Overriding database path with different value: C:\Users\victo\.stmcufinder\plugins\mcufinder/ => C:\Users\victo\.stmcufinder\plugins\mcufinder
2025-04-07 12:19:22,228 [INFO] DbMcusAds:125 - Set database path to: C:\Users\victo\.stmcufinder\plugins\mcufinder//mcu/
2025-04-07 12:19:22,229 [WARN] DbFile:41 - Overriding database path with different value: C:\Users\victo\.stmcufinder\plugins\mcufinder/ => C:\Users\victo\.stmcufinder\plugins\mcufinder
2025-04-07 12:19:22,229 [WARN] DbFile:41 - Overriding database path with different value: C:\Users\victo\.stmcufinder\plugins\mcufinder/ => C:\Users\victo\.stmcufinder\plugins\mcufinder
2025-04-07 12:19:22,229 [INFO] CrossReferenceDbSqlite:203 - Set database path to: C:\Users\victo\.stmcufinder\plugins\mcufinder//mcu/cs/
2025-04-07 12:19:22,256 [INFO] ApplicationProperties:184 - Using Application install path: C:\ST\STM32CubeIDE_1.17.0\STM32CubeIDE\plugins\com.st.stm32cube.common.mx_6.13.0.202411220809
2025-04-07 12:19:22,258 [INFO] PluginManage:196 - Search for loadable plugins [exclusion list=, ]
2025-04-07 12:19:22,260 [INFO] PluginManage:310 - Check plugin analytics
2025-04-07 12:19:22,541 [INFO] AnalyticsPlugin:253 - Accepted Software Licenses: 
2025-04-07 12:19:22,542 [INFO] AnalyticsPlugin:255 - Accepted CMSIS Pack Licenses: 
2025-04-07 12:19:22,542 [INFO] AnalyticsPlugin:257 - Accepted Firmware Licenses: FW.L4.1.18.0
2025-04-07 12:19:22,550 [INFO] PluginManage:359 - Loaded plugin analytics (category:tool,tabindex:-1)
2025-04-07 12:19:22,551 [INFO] PluginManage:310 - Check plugin cadmodel
2025-04-07 12:19:22,577 [INFO] CADModel:105 - Init CAD model plugin
2025-04-07 12:19:22,578 [INFO] PluginManage:359 - Loaded plugin cadmodel (category:power,tabindex:5)
2025-04-07 12:19:22,578 [INFO] PluginManage:310 - Check plugin clock
2025-04-07 12:19:22,606 [INFO] PluginManage:359 - Loaded plugin clock (category:base,tabindex:2)
2025-04-07 12:19:22,607 [INFO] PluginManage:310 - Check plugin ddr
2025-04-07 12:19:22,610 [INFO] PluginManage:359 - Loaded plugin ddr (category:tool,tabindex:6)
2025-04-07 12:19:22,611 [INFO] PluginManage:310 - Check plugin filemanager
2025-04-07 12:19:22,819 [INFO] PluginManage:359 - Loaded plugin filemanager (category:base,tabindex:10)
2025-04-07 12:19:22,820 [INFO] PluginManage:310 - Check plugin ipmanager
2025-04-07 12:19:22,831 [INFO] PluginManage:359 - Loaded plugin ipmanager (category:base,tabindex:5)
2025-04-07 12:19:22,831 [INFO] PluginManage:310 - Check plugin lpbam
2025-04-07 12:19:22,860 [INFO] PluginManage:359 - Loaded plugin lpbam (category:base,tabindex:0)
2025-04-07 12:19:22,860 [INFO] PluginManage:310 - Check plugin memorymap
2025-04-07 12:19:22,896 [INFO] PluginManage:359 - Loaded plugin memorymap (category:base,tabindex:4)
2025-04-07 12:19:22,897 [INFO] PluginManage:310 - Check plugin pinoutandconfiguration
2025-04-07 12:19:22,925 [INFO] PluginManage:359 - Loaded plugin pinoutandconfiguration (category:base,tabindex:1)
2025-04-07 12:19:22,925 [INFO] PluginManage:310 - Check plugin pinoutconfig
2025-04-07 12:19:23,089 [WARN] SupportedApi:132 - Cannot load RTOS API schema: s4s-elt-must-match.1: The content of 'definitions' must match (annotation?, (simpleType | complexType)?, (unique | key | keyref)*)). A problem was found starting at: attribute.
2025-04-07 12:19:23,328 [INFO] PluginManage:359 - Loaded plugin pinoutconfig (category:base,tabindex:0)
2025-04-07 12:19:23,329 [INFO] PluginManage:310 - Check plugin power
2025-04-07 12:19:23,360 [INFO] PluginManage:359 - Loaded plugin power (category:power,tabindex:4)
2025-04-07 12:19:23,360 [INFO] PluginManage:310 - Check plugin projectmanager
2025-04-07 12:19:23,388 [INFO] PluginManage:359 - Loaded plugin projectmanager (category:projectmanager,tabindex:4)
2025-04-07 12:19:23,388 [INFO] PluginManage:310 - Check plugin rif
2025-04-07 12:19:23,417 [INFO] PluginManage:359 - Loaded plugin rif (category:base,tabindex:3)
2025-04-07 12:19:23,417 [INFO] PluginManage:310 - Check plugin thirdparty
2025-04-07 12:19:23,945 [INFO] PluginManage:359 - Loaded plugin thirdparty (category:base,tabindex:-1)
2025-04-07 12:19:23,946 [INFO] PluginManage:310 - Check plugin tools
2025-04-07 12:19:23,945 [WARN] IntegrityCheckThread:84 - waiting for thirdparty lock release [integrity check]
2025-04-07 12:19:23,947 [INFO] IntegrityCheckThread:86 - entering critical section [integrity check]
2025-04-07 12:19:23,949 [INFO] ThirdPartyUpdaterWithRetryManager:70 - Updater plugin not ready yet. [1/15]
2025-04-07 12:19:24,024 [INFO] PluginManage:359 - Loaded plugin tools (category:base,tabindex:7)
2025-04-07 12:19:24,024 [INFO] PluginManage:310 - Check plugin tutovideos
2025-04-07 12:19:24,352 [INFO] PluginManage:359 - Loaded plugin tutovideos (category:base,tabindex:-1)
2025-04-07 12:19:24,352 [INFO] PluginManage:310 - Check plugin updater
2025-04-07 12:19:24,397 [INFO] PluginManage:359 - Loaded plugin updater (category:base,tabindex:12)
2025-04-07 12:19:24,397 [INFO] PluginManage:310 - Check plugin userauth
2025-04-07 12:19:24,404 [INFO] UserAuth:118 - Init User Auth plugin
2025-04-07 12:19:24,406 [INFO] PluginManage:359 - Loaded plugin userauth (category:base,tabindex:14)
2025-04-07 12:19:24,407 [INFO] PluginManage:283 - PluginManage : Loaded plugins [18]
2025-04-07 12:19:24,774 [INFO] PinOutPanel:1589 - setPackage(No Configuration,No Configuration)
2025-04-07 12:19:24,909 [INFO] CADModel:165 - CPN selected for project level
2025-04-07 12:19:24,909 [INFO] CADModel:114 - Register for checkConnection events
2025-04-07 12:19:24,963 [INFO] IPUIPlugin:80 - create IPUIPlugin
2025-04-07 12:19:24,964 [INFO] PluginManager:220 - loadIPPluginJar : add adc
2025-04-07 12:19:25,056 [INFO] IPUIPlugin:80 - create IPUIPlugin
2025-04-07 12:19:25,057 [INFO] PluginManager:220 - loadIPPluginJar : add aes
2025-04-07 12:19:25,135 [INFO] IPUIPlugin:80 - create IPUIPlugin
2025-04-07 12:19:25,135 [INFO] PluginManager:220 - loadIPPluginJar : add can
2025-04-07 12:19:25,181 [INFO] IPUIPlugin:80 - create IPUIPlugin
2025-04-07 12:19:25,181 [INFO] PluginManager:220 - loadIPPluginJar : add comp
2025-04-07 12:19:25,244 [INFO] IPUIPlugin:80 - create IPUIPlugin
2025-04-07 12:19:25,244 [INFO] PluginManager:220 - loadIPPluginJar : add cryp
2025-04-07 12:19:25,264 [INFO] IPUIPlugin:80 - create IPUIPlugin
2025-04-07 12:19:25,265 [INFO] PluginManager:220 - loadIPPluginJar : add ddr_ctrl_phy
2025-04-07 12:19:25,317 [INFO] IPUIPlugin:80 - create IPUIPlugin
2025-04-07 12:19:25,317 [INFO] PluginManager:220 - loadIPPluginJar : add dfsdm
2025-04-07 12:19:25,340 [INFO] IPUIPlugin:80 - create IPUIPlugin
2025-04-07 12:19:25,341 [INFO] PluginManager:220 - loadIPPluginJar : add dma
2025-04-07 12:19:25,406 [INFO] IPUIPlugin:80 - create IPUIPlugin
2025-04-07 12:19:25,407 [INFO] PluginManager:220 - loadIPPluginJar : add dma3
2025-04-07 12:19:25,482 [INFO] IPUIPlugin:80 - create IPUIPlugin
2025-04-07 12:19:25,482 [INFO] PluginManager:220 - loadIPPluginJar : add extmemmanager
2025-04-07 12:19:25,518 [INFO] IPUIPlugin:80 - create IPUIPlugin
2025-04-07 12:19:25,518 [INFO] PluginManager:220 - loadIPPluginJar : add fatfs
2025-04-07 12:19:25,596 [INFO] IPUIPlugin:80 - create IPUIPlugin
2025-04-07 12:19:25,597 [INFO] PluginManager:220 - loadIPPluginJar : add fmc
2025-04-07 12:19:25,620 [INFO] IPUIPlugin:80 - create IPUIPlugin
2025-04-07 12:19:25,620 [INFO] PluginManager:220 - loadIPPluginJar : add freertos
2025-04-07 12:19:25,655 [INFO] IPUIPlugin:80 - create IPUIPlugin
2025-04-07 12:19:25,655 [INFO] PluginManager:220 - loadIPPluginJar : add genericplugin
2025-04-07 12:19:25,816 [INFO] IPUIPlugin:80 - create IPUIPlugin
2025-04-07 12:19:25,816 [INFO] PluginManager:220 - loadIPPluginJar : add gfxmmu
2025-04-07 12:19:26,063 [INFO] IPUIPlugin:80 - create IPUIPlugin
2025-04-07 12:19:26,063 [INFO] PluginManager:220 - loadIPPluginJar : add gic
2025-04-07 12:19:26,084 [INFO] IPUIPlugin:80 - create IPUIPlugin
2025-04-07 12:19:26,084 [INFO] PluginManager:220 - loadIPPluginJar : add gpio
2025-04-07 12:19:26,239 [INFO] IPUIPlugin:80 - create IPUIPlugin
2025-04-07 12:19:26,239 [INFO] PluginManager:220 - loadIPPluginJar : add gtzc
2025-04-07 12:19:26,298 [INFO] IPUIPlugin:80 - create IPUIPlugin
2025-04-07 12:19:26,298 [INFO] PluginManager:220 - loadIPPluginJar : add hash
2025-04-07 12:19:26,388 [INFO] IPUIPlugin:80 - create IPUIPlugin
2025-04-07 12:19:26,388 [INFO] PluginManager:220 - loadIPPluginJar : add i2c
2025-04-07 12:19:26,454 [INFO] IPUIPlugin:80 - create IPUIPlugin
2025-04-07 12:19:26,455 [INFO] PluginManager:220 - loadIPPluginJar : add i2s
2025-04-07 12:19:26,524 [INFO] IPUIPlugin:80 - create IPUIPlugin
2025-04-07 12:19:26,524 [INFO] PluginManager:220 - loadIPPluginJar : add i3c
2025-04-07 12:19:26,698 [INFO] IPUIPlugin:80 - create IPUIPlugin
2025-04-07 12:19:26,698 [INFO] PluginManager:220 - loadIPPluginJar : add ipddr
2025-04-07 12:19:26,854 [INFO] IPUIPlugin:80 - create IPUIPlugin
2025-04-07 12:19:26,855 [INFO] PluginManager:220 - loadIPPluginJar : add linkedlist
2025-04-07 12:19:26,915 [INFO] IPUIPlugin:80 - create IPUIPlugin
2025-04-07 12:19:26,915 [INFO] PluginManager:220 - loadIPPluginJar : add lorawan
2025-04-07 12:19:26,950 [INFO] ThirdPartyUpdaterWithRetryManager:70 - Updater plugin not ready yet. [2/15]
2025-04-07 12:19:26,978 [INFO] IPUIPlugin:80 - create IPUIPlugin
2025-04-07 12:19:26,979 [INFO] PluginManager:220 - loadIPPluginJar : add ltdc
2025-04-07 12:19:27,010 [INFO] IPUIPlugin:80 - create IPUIPlugin
2025-04-07 12:19:27,010 [INFO] PluginManager:220 - loadIPPluginJar : add mdma
2025-04-07 12:19:27,037 [INFO] IPUIPlugin:80 - create IPUIPlugin
2025-04-07 12:19:27,037 [INFO] PluginManager:220 - loadIPPluginJar : add nvic
2025-04-07 12:19:27,113 [INFO] IPUIPlugin:80 - create IPUIPlugin
2025-04-07 12:19:27,113 [INFO] PluginManager:220 - loadIPPluginJar : add opamp
2025-04-07 12:19:27,222 [INFO] IPUIPlugin:80 - create IPUIPlugin
2025-04-07 12:19:27,222 [INFO] PluginManager:220 - loadIPPluginJar : add openamp
2025-04-07 12:19:27,296 [INFO] IPUIPlugin:80 - create IPUIPlugin
2025-04-07 12:19:27,296 [INFO] PluginManager:220 - loadIPPluginJar : add pdm2pcm
2025-04-07 12:19:27,317 [INFO] IPUIPlugin:80 - create IPUIPlugin
2025-04-07 12:19:27,320 [INFO] PluginManager:220 - loadIPPluginJar : add plateformsettings
2025-04-07 12:19:27,358 [INFO] IPUIPlugin:80 - create IPUIPlugin
2025-04-07 12:19:27,358 [INFO] PluginManager:220 - loadIPPluginJar : add quadspi
2025-04-07 12:19:27,402 [INFO] IPUIPlugin:80 - create IPUIPlugin
2025-04-07 12:19:27,403 [INFO] PluginManager:220 - loadIPPluginJar : add radio
2025-04-07 12:19:27,423 [INFO] IPUIPlugin:80 - create IPUIPlugin
2025-04-07 12:19:27,423 [INFO] PluginManager:220 - loadIPPluginJar : add resmgrutility
2025-04-07 12:19:27,502 [INFO] IPUIPlugin:80 - create IPUIPlugin
2025-04-07 12:19:27,502 [INFO] PluginManager:220 - loadIPPluginJar : add sai
2025-04-07 12:19:27,566 [INFO] IPUIPlugin:80 - create IPUIPlugin
2025-04-07 12:19:27,566 [INFO] PluginManager:220 - loadIPPluginJar : add spi
2025-04-07 12:19:27,678 [INFO] IPUIPlugin:80 - create IPUIPlugin
2025-04-07 12:19:27,678 [INFO] PluginManager:220 - loadIPPluginJar : add stm32_wpan
2025-04-07 12:19:27,719 [INFO] IPUIPlugin:80 - create IPUIPlugin
2025-04-07 12:19:27,719 [INFO] PluginManager:220 - loadIPPluginJar : add tim
2025-04-07 12:19:27,820 [INFO] IPUIPlugin:80 - create IPUIPlugin
2025-04-07 12:19:27,820 [INFO] PluginManager:220 - loadIPPluginJar : add touchsensing
2025-04-07 12:19:27,860 [INFO] IPUIPlugin:80 - create IPUIPlugin
2025-04-07 12:19:27,860 [INFO] PluginManager:220 - loadIPPluginJar : add tracer_emb
2025-04-07 12:19:27,900 [INFO] IPUIPlugin:80 - create IPUIPlugin
2025-04-07 12:19:27,900 [INFO] PluginManager:220 - loadIPPluginJar : add ts
2025-04-07 12:19:27,938 [INFO] IPUIPlugin:80 - create IPUIPlugin
2025-04-07 12:19:27,939 [INFO] PluginManager:220 - loadIPPluginJar : add tsc
2025-04-07 12:19:27,976 [INFO] IPUIPlugin:80 - create IPUIPlugin
2025-04-07 12:19:27,976 [INFO] PluginManager:220 - loadIPPluginJar : add ucpd
2025-04-07 12:19:28,062 [INFO] IPUIPlugin:80 - create IPUIPlugin
2025-04-07 12:19:28,062 [INFO] PluginManager:220 - loadIPPluginJar : add usart
2025-04-07 12:19:28,136 [INFO] IPUIPlugin:80 - create IPUIPlugin
2025-04-07 12:19:28,136 [INFO] PluginManager:220 - loadIPPluginJar : add usbx
2025-04-07 12:19:28,297 [FATAL] Updater:351 - Updater called before beeing initialized
2025-04-07 12:19:28,342 [INFO] RulesReader:64 - Compatibility file has been processed (297 Rules)
2025-04-07 12:19:28,360 [INFO] RulesReader:64 - Compatibility file has been processed (297 Rules)
2025-04-07 12:19:28,373 [INFO] CADModel:165 - CPN selected for project level
2025-04-07 12:19:28,373 [INFO] CADModel:114 - Register for checkConnection events
2025-04-07 12:19:28,374 [FATAL] Updater:351 - Updater called before beeing initialized
2025-04-07 12:19:28,374 [ERROR] CADModel:125 - Updater not yet initialized, retry later 
2025-04-07 12:19:28,662 [FATAL] Updater:351 - Updater called before beeing initialized
2025-04-07 12:19:28,665 [INFO] CADModel:165 - CPN selected for project level
2025-04-07 12:19:28,665 [INFO] CADModel:114 - Register for checkConnection events
2025-04-07 12:19:28,665 [FATAL] Updater:351 - Updater called before beeing initialized
2025-04-07 12:19:28,665 [ERROR] CADModel:125 - Updater not yet initialized, retry later 
2025-04-07 12:19:28,669 [FATAL] Updater:351 - Updater called before beeing initialized
2025-04-07 12:19:28,911 [FATAL] Updater:351 - Updater called before beeing initialized
2025-04-07 12:19:28,926 [INFO] DbMcusAds:53 - JSON generation date=Thu Mar 06 07:54:21 MST 2025 (1741272861825)
2025-04-07 12:19:28,926 [FATAL] Updater:351 - Updater called before beeing initialized
2025-04-07 12:19:28,983 [WARN] DetailPanel:346 - Failed to get advertising image, set to default
2025-04-07 12:19:29,313 [FATAL] Updater:351 - Updater called before beeing initialized
2025-04-07 12:19:29,315 [FATAL] Updater:351 - Updater called before beeing initialized
2025-04-07 12:19:29,316 [FATAL] Updater:351 - Updater called before beeing initialized
2025-04-07 12:19:29,316 [WARN] DetailPanel:346 - Failed to get advertising image, set to default
2025-04-07 12:19:29,317 [FATAL] Updater:351 - Updater called before beeing initialized
2025-04-07 12:19:29,414 [ERROR] Updater:1198 - MainUpdater not yet initialized. External WinMGr cannot be set.
2025-04-07 12:19:29,430 [INFO] Updater:1134 - Updater Version found : 6.13.0
2025-04-07 12:19:29,454 [INFO] ApplicationProperties:184 - Using Application install path: C:\ST\STM32CubeIDE_1.17.0\STM32CubeIDE\plugins\com.st.stm32cube.common.mx_6.13.0.202411220809
2025-04-07 12:19:29,951 [INFO] ThirdPartyUpdaterWithRetryManager:70 - Updater plugin not ready yet. [3/15]
2025-04-07 12:19:31,044 [ERROR] LogOutputStream:75 - [STDERR_REDIRECT] Apr 07, 2025 12:19:31 PM java.util.prefs.WindowsPreferences <init>
2025-04-07 12:19:31,046 [ERROR] LogOutputStream:75 - [STDERR_REDIRECT] WARNING: Could not open/create prefs root node Software\JavaSoft\Prefs at root 0xffffffff80000002. Windows RegCreateKeyEx(...) returned error code 5.
2025-04-07 12:19:31,046 [ERROR] LogOutputStream:75 - [STDERR_REDIRECT] 
2025-04-07 12:19:31,561 [INFO] MainUpdater:2872 - connection check result : 10
2025-04-07 12:19:31,561 [INFO] MainUpdater:3566 - Updater definition file requires update
2025-04-07 12:19:31,563 [INFO] MainUpdater:289 - Updater Check For Update Now.
2025-04-07 12:19:31,563 [INFO] MicroXplorer:498 - Change Database Version : DB.6.0.130
2025-04-07 12:19:31,587 [INFO] McuFinderGlobals:63 - Set McuFinder mode to 2 (CubeIDE integrated)
2025-04-07 12:19:31,588 [INFO] UserAuth:171 - activating auth plugin
2025-04-07 12:19:31,592 [INFO] UserAuth:486 - Internet connection configuration mode: 1
2025-04-07 12:19:31,633 [INFO] JxBrowserEngine:152 - Initiate JxBrowser Engine with user profile folder
2025-04-07 12:19:31,699 [INFO] ServerAccessManage:473 - Download File updaters.zip
2025-04-07 12:19:31,958 [INFO] FileExtend:240 - Unzip File : updaters.zip
2025-04-07 12:19:31,958 [INFO] FileExtend:255 - Standard Zip Deflate
2025-04-07 12:19:32,955 [WARN] MainUpdater:1193 - Updater busy. Cannot search thirdparties
2025-04-07 12:19:32,956 [INFO] ThirdPartyUpdaterWithRetryManager:96 - Updater plugin is busy. [1/15]
2025-04-07 12:19:32,988 [INFO] ServerAccessManage:473 - Download File PacksControlFlags.xml
2025-04-07 12:19:33,281 [INFO] ServerAccessManage:473 - Download File cubemx.pidx
2025-04-07 12:19:33,691 [INFO] LoadServerUpdatesThread:375 - End of LoadServerUpdate Thread
2025-04-07 12:19:34,112 [INFO] CheckServerUpdateThread:120 - End of CheckServer Thread
2025-04-07 12:19:36,083 [INFO] WebApp:168 - Instantiating new browser for Auth
2025-04-07 12:19:36,684 [WARN] PackLoader:240 - Cannot read IP mode file for STMicroelectronics.FP-SNS-MOTENVWB1.1.4.0
2025-04-07 12:19:36,719 [WARN] PackLoader:240 - Cannot read IP mode file for STMicroelectronics.FP-ATR-ASTRA1.2.0.2
2025-04-07 12:19:36,784 [WARN] PackLoader:240 - Cannot read IP mode file for STMicroelectronics.FP-ATR-ASTRA1.2.0.1
2025-04-07 12:19:36,939 [WARN] PackLoader:240 - Cannot read IP mode file for STMicroelectronics.X-CUBE-SMBUS.2.1.0
2025-04-07 12:19:36,978 [WARN] PackLoader:240 - Cannot read IP mode file for STMicroelectronics.X-CUBE-WB05N.1.1.0
2025-04-07 12:19:37,163 [WARN] PackLoader:240 - Cannot read IP mode file for STMicroelectronics.X-CUBE-AZRTOS-F7.1.1.0
2025-04-07 12:19:37,214 [WARN] PackLoader:240 - Cannot read IP mode file for STMicroelectronics.FP-SNS-FLIGHT1.5.0.2
2025-04-07 12:19:37,370 [WARN] PackLoader:240 - Cannot read IP mode file for Infineon.AIROC-Wi-Fi-Bluetooth-STM32.1.7.0
2025-04-07 12:19:37,456 [WARN] PackLoader:240 - Cannot read IP mode file for STMicroelectronics.X-CUBE-DISPLAY.3.0.0
2025-04-07 12:19:37,525 [WARN] PackLoader:240 - Cannot read IP mode file for STMicroelectronics.X-CUBE-BLE1.7.0.0
2025-04-07 12:19:37,579 [WARN] PackLoader:240 - Cannot read IP mode file for STMicroelectronics.X-CUBE-NFC10.1.0.0
2025-04-07 12:19:37,622 [WARN] PackLoader:240 - Cannot read IP mode file for emotas.I-CUBE-CANOPEN.1.3.0
2025-04-07 12:19:37,944 [WARN] ConditionMgr:438 - getConditionDescription Invalid condition id : Cortex-A Device cause : null
2025-04-07 12:19:37,987 [WARN] ConditionMgr:1044 - genDependencies : Invalid condition id : Cortex-A Device cause : null
2025-04-07 12:19:37,987 [WARN] ConditionMgr:1044 - genDependencies : Invalid condition id : Cortex-A Device cause : null
2025-04-07 12:19:37,987 [WARN] ConditionMgr:1044 - genDependencies : Invalid condition id : Cortex-A Device cause : null
2025-04-07 12:19:38,021 [WARN] PackLoader:240 - Cannot read IP mode file for STMicroelectronics.FP-SNS-SMARTAG2.1.2.0
2025-04-07 12:19:38,051 [WARN] PackLoader:240 - Cannot read IP mode file for STMicroelectronics.FP-SNS-FLIGHT1.5.1.0
2025-04-07 12:19:38,159 [INFO] LogOutputStream:77 - [STDOUT_REDIRECT] 1 : Invalid condition id : UX_CORESTACK_Condition cause : null
2025-04-07 12:19:38,160 [INFO] LogOutputStream:77 - [STDOUT_REDIRECT] 1 : Invalid condition id : UX_CORESTACK_Condition cause : null
2025-04-07 12:19:38,169 [INFO] LogOutputStream:77 - [STDOUT_REDIRECT] 1 : Invalid condition id : UX_CORESTACK_Condition cause : null
2025-04-07 12:19:38,171 [INFO] LogOutputStream:77 - [STDOUT_REDIRECT] 1 : Invalid condition id : UX_CORESTACK_Condition cause : null
2025-04-07 12:19:38,174 [INFO] LogOutputStream:77 - [STDOUT_REDIRECT] 1 : Invalid condition id : UX_CORESTACK_Condition cause : null
2025-04-07 12:19:38,182 [WARN] PackLoader:240 - Cannot read IP mode file for STMicroelectronics.X-CUBE-AZRTOS-WL.2.0.0
2025-04-07 12:19:38,258 [WARN] PackLoader:240 - Cannot read IP mode file for STMicroelectronics.FP-SNS-MOTENV1.5.0.0
2025-04-07 12:19:38,303 [WARN] PackLoader:240 - Cannot read IP mode file for WES.I-CUBE-Cesium.1.3.0
2025-04-07 12:19:38,330 [WARN] PackLoader:240 - Cannot read IP mode file for STMicroelectronics.X-CUBE-BLE2.3.3.0
2025-04-07 12:19:38,367 [WARN] PackLoader:240 - Cannot read IP mode file for STMicroelectronics.X-CUBE-NFC9.1.0.0
2025-04-07 12:19:38,403 [WARN] PackLoader:240 - Cannot read IP mode file for STMicroelectronics.X-CUBE-BLE1.7.1.0
2025-04-07 12:19:38,435 [WARN] PackLoader:240 - Cannot read IP mode file for wolfSSL.I-CUBE-wolfMQTT.1.19.2
2025-04-07 12:19:38,527 [WARN] PackLoader:240 - Cannot read IP mode file for STMicroelectronics.X-CUBE-AZRTOS-G0.1.1.0
2025-04-07 12:19:38,564 [WARN] PackLoader:240 - Cannot read IP mode file for STMicroelectronics.X-CUBE-SAFEA1.1.2.2
2025-04-07 12:19:38,595 [WARN] PackLoader:240 - Cannot read IP mode file for STMicroelectronics.X-CUBE-NFC4.3.0.0
2025-04-07 12:19:38,637 [WARN] PackLoader:240 - Cannot read IP mode file for EmbeddedOffice.I-CUBE-FS-RTOS.1.0.1
2025-04-07 12:19:38,666 [WARN] PackLoader:240 - Cannot read IP mode file for wolfSSL.I-CUBE-wolfTPM.3.8.0
2025-04-07 12:19:38,700 [WARN] PackLoader:240 - Cannot read IP mode file for RealThread.X-CUBE-RT-Thread_Nano.4.1.1
2025-04-07 12:19:38,748 [WARN] PackLoader:240 - Cannot read IP mode file for STMicroelectronics.FP-ATR-SIGFOX1.3.2.0
2025-04-07 12:19:38,782 [WARN] PackLoader:240 - Cannot read IP mode file for STMicroelectronics.X-CUBE-EEPRMA1.5.1.0
2025-04-07 12:19:38,815 [WARN] PackLoader:240 - Cannot read IP mode file for wolfSSL.I-CUBE-wolfSSL.5.7.6
2025-04-07 12:19:38,860 [WARN] PackLoader:240 - Cannot read IP mode file for ITTIA_DB.I-CUBE-ITTIADB.8.9.0
2025-04-07 12:19:38,985 [WARN] PackLoader:240 - Cannot read IP mode file for SEGGER.I-CUBE-embOS.1.3.1
2025-04-07 12:19:39,192 [WARN] PackLoader:240 - Cannot read IP mode file for STMicroelectronics.X-CUBE-ALGOBUILD.1.4.0
2025-04-07 12:19:39,278 [WARN] PackLoader:240 - Cannot read IP mode file for STMicroelectronics.X-CUBE-AZRTOS-F4.1.1.0
2025-04-07 12:19:39,313 [WARN] PackLoader:240 - Cannot read IP mode file for STMicroelectronics.X-CUBE-ISPU.2.1.0
2025-04-07 12:19:39,380 [WARN] PackLoader:240 - Cannot read IP mode file for STMicroelectronics.X-CUBE-AZRTOS-L5.2.0.0
2025-04-07 12:19:39,418 [WARN] PackLoader:240 - Cannot read IP mode file for STMicroelectronics.X-CUBE-NFC6.3.1.0
2025-04-07 12:19:39,670 [WARN] PackLoader:240 - Cannot read IP mode file for STMicroelectronics.X-CUBE-DPower.1.2.0
2025-04-07 12:19:39,715 [WARN] PackLoader:240 - Cannot read IP mode file for STMicroelectronics.X-CUBE-NFC7.1.0.1
2025-04-07 12:19:39,753 [WARN] PackLoader:240 - Cannot read IP mode file for STMicroelectronics.X-CUBE-DPower.1.3.0
2025-04-07 12:19:39,847 [WARN] ConditionMgr:438 - getConditionDescription Invalid condition id : LAN8742 Phy interface Condition cause : null
2025-04-07 12:19:39,850 [WARN] PackLoader:240 - Cannot read IP mode file for STMicroelectronics.X-CUBE-AZRTOS-L4.2.0.0
2025-04-07 12:19:39,852 [WARN] ConditionMgr:1044 - genDependencies : Invalid condition id : LAN8742 Phy interface Condition cause : null
2025-04-07 12:19:39,852 [WARN] ConditionMgr:1044 - genDependencies : Invalid condition id : LAN8742 Phy interface Condition cause : null
2025-04-07 12:19:39,853 [WARN] ConditionMgr:1044 - genDependencies : Invalid condition id : LAN8742 Phy interface Condition cause : null
2025-04-07 12:19:39,898 [WARN] PackLoader:240 - Cannot read IP mode file for STMicroelectronics.X-CUBE-SFXS2LP1.4.0.0
2025-04-07 12:19:40,004 [WARN] PackLoader:240 - Cannot read IP mode file for STMicroelectronics.X-CUBE-AZRTOS-H7.3.3.0
2025-04-07 12:19:40,071 [WARN] ConditionMgr:438 - getConditionDescription Invalid condition id : UX DEVICE CLASS RTOS Condition cause : null
2025-04-07 12:19:40,072 [WARN] ConditionMgr:438 - getConditionDescription Invalid condition id : UX DEVICE CLASS RTOS Condition cause : null
2025-04-07 12:19:40,077 [WARN] PackLoader:240 - Cannot read IP mode file for STMicroelectronics.X-CUBE-AZRTOS-WB.2.0.0
2025-04-07 12:19:40,078 [WARN] ConditionMgr:1044 - genDependencies : Invalid condition id : UX DEVICE CLASS RTOS Condition cause : null
2025-04-07 12:19:40,079 [WARN] ConditionMgr:1044 - genDependencies : Invalid condition id : UX DEVICE CLASS RTOS Condition cause : null
2025-04-07 12:19:40,080 [WARN] ConditionMgr:1044 - genDependencies : Invalid condition id : UX DEVICE CLASS RTOS Condition cause : null
2025-04-07 12:19:40,080 [WARN] ConditionMgr:1044 - genDependencies : Invalid condition id : UX DEVICE CLASS RTOS Condition cause : null
2025-04-07 12:19:40,081 [WARN] ConditionMgr:1044 - genDependencies : Invalid condition id : UX DEVICE CLASS RTOS Condition cause : null
2025-04-07 12:19:40,136 [WARN] PackLoader:240 - Cannot read IP mode file for STMicroelectronics.X-CUBE-TOUCHGFX.4.25.0
2025-04-07 12:19:40,170 [WARN] PackLoader:240 - Cannot read IP mode file for STMicroelectronics.FP-SNS-STBOX1.2.0.0
2025-04-07 12:19:40,318 [WARN] PackLoader:240 - Cannot read IP mode file for STMicroelectronics.X-CUBE-SUBG2.5.0.0
2025-04-07 12:19:40,393 [WARN] PackLoader:240 - Cannot read IP mode file for STMicroelectronics.X-CUBE-AZRTOS-H7RS.1.1.0
2025-04-07 12:19:40,439 [WARN] PackLoader:240 - Cannot read IP mode file for Cesanta.I-CUBE-Mongoose.7.13.0
2025-04-07 12:19:40,518 [WARN] PackLoader:240 - Cannot read IP mode file for STMicroelectronics.X-CUBE-AZRTOS-G4.2.0.0
2025-04-07 12:19:40,579 [WARN] PackLoader:240 - Cannot read IP mode file for wolfSSL.I-CUBE-wolfSSH.1.4.20
2025-04-07 12:19:40,743 [WARN] PackLoader:240 - Cannot read IP mode file for STMicroelectronics.X-CUBE-ALS.1.0.2
2025-04-07 12:19:40,779 [WARN] PackLoader:240 - Cannot read IP mode file for STMicroelectronics.X-CUBE-TOUCHGFX.4.24.2
2025-04-07 12:19:40,916 [WARN] PackLoader:240 - Cannot read IP mode file for portGmbH.I-Cube-SoM-uGOAL.1.1.0
2025-04-07 12:19:40,988 [WARN] PackLoader:240 - Cannot read IP mode file for STMicroelectronics.X-CUBE-AZRTOS-H7RS.1.0.0
2025-04-07 12:19:41,052 [WARN] PackLoader:240 - Cannot read IP mode file for STMicroelectronics.X-CUBE-TOF1.3.4.2
2025-04-07 12:19:41,151 [INFO] ThirdParty:978 - Integrity check success = true
2025-04-07 12:19:41,151 [INFO] IntegrityCheckThread:100 - exiting critical section [integrity check]
2025-04-07 12:19:41,151 [INFO] IntegrityCheckThread:103 - End integrity checks thread
2025-04-07 12:19:41,830 [INFO] WebApp:449 - Apply proxy settings
2025-04-07 12:19:41,831 [INFO] WebApp:534 - Chromium requires no authentication
2025-04-07 12:19:41,855 [INFO] WebApp:477 - Direct internet connection detected
2025-04-07 12:19:41,916 [INFO] WebApp:880 - Register for checkConnection events
2025-04-07 12:19:41,917 [INFO] WebApp:449 - Apply proxy settings
2025-04-07 12:19:41,917 [INFO] WebApp:534 - Chromium requires no authentication
2025-04-07 12:19:41,918 [INFO] WebApp:477 - Direct internet connection detected
2025-04-07 12:19:42,589 [INFO] WebApp:221 - Starting web application
2025-04-07 12:19:42,589 [INFO] WebApp:579 - Web application path used C:\ST\STM32CubeIDE_1.17.0\STM32CubeIDE\plugins\com.st.stm32cube.common.mx_6.13.0.202411220809\db\plugins\mcufinder\reactClient1\index.html
2025-04-07 12:19:42,873 [INFO] WebApp:187 - Connection restablished
2025-04-07 12:40:23,893 [INFO] WebApp:190 - Connection lost
2025-04-07 12:40:24,036 [INFO] WebApp:187 - Connection restablished
